[32m[App] 13922  - [39m6/22/2024, 12:30:42 AM [32m    LOG[39m [33m[NestFactory][39m [32mStarting Nest application...[39m
[32m[App] 13922  - [39m6/22/2024, 12:30:42 AM [32m    LOG[39m [33m[InstanceLoader][39m [32mLoggingModule dependencies initialized[39m
[32m[App] 13922  - [39m6/22/2024, 12:30:42 AM [32m    LOG[39m [33m[InstanceLoader][39m [32mNestServerModule dependencies initialized[39m
[32m[App] 13922  - [39m6/22/2024, 12:30:42 AM [32m    LOG[39m [33m[InstanceLoader][39m [32mAppModule dependencies initialized[39m
[32m[App] 13922  - [39m6/22/2024, 12:30:42 AM [32m    LOG[39m [33m[InstanceLoader][39m [32mOnvifModule dependencies initialized[39m
[32m[App] 13922  - [39m6/22/2024, 12:30:42 AM [32m    LOG[39m [33m[RoutesResolver][39m [32mNestServerController {/api/internal}:[39m
[32m[App] 13922  - [39m6/22/2024, 12:30:42 AM [32m    LOG[39m [33m[RouterExplorer][39m [32mMapped {/api/internal/liveness, GET} route[39m
[32m[App] 13922  - [39m6/22/2024, 12:30:42 AM [32m    LOG[39m [33m[RouterExplorer][39m [32mMapped {/api/internal/version, GET} route[39m
[32m[App] 13922  - [39m6/22/2024, 12:30:42 AM [32m    LOG[39m [33m[RoutesResolver][39m [32mAppController {/api}:[39m
[32m[App] 13922  - [39m6/22/2024, 12:30:42 AM [32m    LOG[39m [33m[RouterExplorer][39m [32mMapped {/api, GET} route[39m
[32m[App] 13922  - [39m6/22/2024, 12:30:42 AM [32m    LOG[39m [33m[RoutesResolver][39m [32mOnvifController {/api/onvif}:[39m
[32m[App] 13922  - [39m6/22/2024, 12:30:42 AM [32m    LOG[39m [33m[RouterExplorer][39m [32mMapped {/api/onvif, GET} route[39m
[32m[App] 13922  - [39m6/22/2024, 12:30:42 AM [32m    LOG[39m [33m[RouterExplorer][39m [32mMapped {/api/onvif/search, GET} route[39m
[32m[App] 13922  - [39m6/22/2024, 12:30:42 AM [32m    LOG[39m [33m[RouterExplorer][39m [32mMapped {/api/onvif/connect, POST} route[39m
[32m[App] 13922  - [39m6/22/2024, 12:30:42 AM [32m    LOG[39m [33m[NestApplication][39m [32mNest application successfully started[39m
[32m[App] 13922  - [39m6/22/2024, 12:30:42 AM [32m    LOG[39m [33m[Bootstrap][39m [32mService listening at http://localhost:3333[39m
[32m[App] 13922  - [39m6/22/2024, 12:32:09 AM [32m    LOG[39m  [32m--------------------------[39m
[32m[App] 13922  - [39m6/22/2024, 12:32:09 AM [32m    LOG[39m [33m[OnvifService][39m [32mStart the discovery process.[39m
[32m[App] 13922  - [39m6/22/2024, 12:32:12 AM [32m    LOG[39m [33m[OnvifService][39m [32m1 devices were found.[39m
[32m[App] 13922  - [39m6/22/2024, 12:32:12 AM [32m    LOG[39m [33m[OnvifService][39m [32m  - uuid:7052d27d-afc6-449f-82b1-6477715c6979[39m
[32m[App] 13922  - [39m6/22/2024, 12:32:12 AM [32m    LOG[39m [33m[OnvifService][39m [32m  - LC[39m
[32m[App] 13922  - [39m6/22/2024, 12:32:12 AM [32m    LOG[39m [33m[OnvifService][39m [32m  - http://192.168.100.251/onvif/device_service[39m
[32m[App] 13922  - [39m6/22/2024, 12:32:15 AM [32m    LOG[39m  [32m--------------------------[39m
[32m[App] 13922  - [39m6/22/2024, 12:32:17 AM [32m    LOG[39m [33m[OnvifService][39m [32m{
  "Manufacturer": "LC",
  "Model": "IPC-A42-L",
  "FirmwareVersion": "2.800.0000000.7.R 2023-06-15",
  "SerialNumber": "9H0455DPBV09224",
  "HardwareId": "1.10"
}[39m
[32m[App] 13922  - [39m6/22/2024, 12:32:17 AM [32m    LOG[39m [33m[OnvifService][39m [32mrtsp://192.168.100.251:554/cam/realmonitor?channel=1&subtype=0&unicast=true&proto=Onvif[39m
[32m[App] 14542  - [39m6/22/2024, 12:39:08 AM [32m    LOG[39m [33m[NestFactory][39m [32mStarting Nest application...[39m
[32m[App] 14542  - [39m6/22/2024, 12:39:08 AM [32m    LOG[39m [33m[InstanceLoader][39m [32mLoggingModule dependencies initialized[39m
[32m[App] 14542  - [39m6/22/2024, 12:39:08 AM [32m    LOG[39m [33m[InstanceLoader][39m [32mNestServerModule dependencies initialized[39m
[32m[App] 14542  - [39m6/22/2024, 12:39:08 AM [32m    LOG[39m [33m[InstanceLoader][39m [32mAppModule dependencies initialized[39m
[32m[App] 14542  - [39m6/22/2024, 12:39:08 AM [32m    LOG[39m [33m[InstanceLoader][39m [32mOnvifModule dependencies initialized[39m
[32m[App] 14542  - [39m6/22/2024, 12:39:08 AM [32m    LOG[39m [33m[RoutesResolver][39m [32mNestServerController {/api/internal}:[39m
[32m[App] 14542  - [39m6/22/2024, 12:39:08 AM [32m    LOG[39m [33m[RouterExplorer][39m [32mMapped {/api/internal/liveness, GET} route[39m
[32m[App] 14542  - [39m6/22/2024, 12:39:08 AM [32m    LOG[39m [33m[RouterExplorer][39m [32mMapped {/api/internal/version, GET} route[39m
[32m[App] 14542  - [39m6/22/2024, 12:39:08 AM [32m    LOG[39m [33m[RoutesResolver][39m [32mAppController {/api}:[39m
[32m[App] 14542  - [39m6/22/2024, 12:39:08 AM [32m    LOG[39m [33m[RouterExplorer][39m [32mMapped {/api, GET} route[39m
[32m[App] 14542  - [39m6/22/2024, 12:39:08 AM [32m    LOG[39m [33m[RoutesResolver][39m [32mOnvifController {/api/onvif}:[39m
[32m[App] 14542  - [39m6/22/2024, 12:39:08 AM [32m    LOG[39m [33m[RouterExplorer][39m [32mMapped {/api/onvif, GET} route[39m
[32m[App] 14542  - [39m6/22/2024, 12:39:08 AM [32m    LOG[39m [33m[RouterExplorer][39m [32mMapped {/api/onvif/search, GET} route[39m
[32m[App] 14542  - [39m6/22/2024, 12:39:08 AM [32m    LOG[39m [33m[RouterExplorer][39m [32mMapped {/api/onvif/connect, POST} route[39m
[32m[App] 14542  - [39m6/22/2024, 12:39:08 AM [32m    LOG[39m [33m[NestApplication][39m [32mNest application successfully started[39m
[32m[App] 14542  - [39m6/22/2024, 12:39:08 AM [32m    LOG[39m [33m[Bootstrap][39m [32mService listening at http://localhost:3333[39m
[32m[App] 14542  - [39m6/22/2024, 12:39:14 AM [32m    LOG[39m  [32m--------------------------[39m
[32m[App] 14542  - [39m6/22/2024, 12:39:16 AM [32m    LOG[39m [33m[OnvifService][39m [32m{
  "Manufacturer": "LC",
  "Model": "IPC-A42-L",
  "FirmwareVersion": "2.800.0000000.7.R 2023-06-15",
  "SerialNumber": "9H0455DPBV09224",
  "HardwareId": "1.10"
}[39m
[32m[App] 14542  - [39m6/22/2024, 12:39:16 AM [32m    LOG[39m [33m[OnvifService][39m - {"0":{"token":"Profile000","name":"Profile000","snapshot":"http://192.168.100.251:80/onvifsnapshot/media_service/snapshot?channel=1&subtype=0","video":{"source":{"token":"VideoSource000","name":"VideoSource000","bounds":{"width":2560,"height":1440,"x":0,"y":0}},"encoder":{"token":"VideoEncoder000","name":"VideoEncoder000","resolution":{"width":2560,"height":1440},"quality":4,"framerate":25,"bitrate":2048,"encoding":"H264"}},"audio":{"source":null,"encoder":null},"stream":{"udp":"rtsp://192.168.100.251:554/cam/realmonitor?channel=1&subtype=0&unicast=true&proto=Onvif","http":"http://192.168.100.251/cam/realmonitor?channel=1&subtype=0&unicast=true&proto=Onvif","rtsp":"rtsp://192.168.100.251:554/cam/realmonitor?channel=1&subtype=0&unicast=true&proto=Onvif"},"ptz":{"range":{"x":{"min":0,"max":0},"y":{"min":0,"max":0},"z":{"min":0,"max":0}}}},"1":{"token":"Profile001","name":"Profile001","snapshot":"http://192.168.100.251:80/onvifsnapshot/media_service/snapshot?channel=1&subtype=1","video":{"source":{"token":"VideoSource000","name":"VideoSource000","bounds":{"width":2560,"height":1440,"x":0,"y":0}},"encoder":{"token":"VideoEncoder001","name":"VideoEncoder001","resolution":{"width":640,"height":480},"quality":4,"framerate":15,"bitrate":512,"encoding":"H264"}},"audio":{"source":null,"encoder":null},"stream":{"udp":"rtsp://192.168.100.251:554/cam/realmonitor?channel=1&subtype=1&unicast=true&proto=Onvif","http":"http://192.168.100.251/cam/realmonitor?channel=1&subtype=1&unicast=true&proto=Onvif","rtsp":"rtsp://192.168.100.251:554/cam/realmonitor?channel=1&subtype=1&unicast=true&proto=Onvif"},"ptz":{"range":{"x":{"min":0,"max":0},"y":{"min":0,"max":0},"z":{"min":0,"max":0}}}}}
