[31m[App] 66133  - [39m6/23/2024, 1:40:09 PM [31m  ERROR[39m  [31mSyntaxError: Expected property name or '}' in JSON at position 1
    at JSON.parse (<anonymous>)
    at GetForTable.buildFilters (/Users/henry/Projects/personal/vms/dist/apps/api/main.js:5214:28)
    at GetForTable.execute (/Users/henry/Projects/personal/vms/dist/apps/api/main.js:5350:18)
    at TableDataBuilder.getForTable (/Users/henry/Projects/personal/vms/dist/apps/api/main.js:5365:42)
    at UsersService.findPaging (/Users/henry/Projects/personal/vms/dist/apps/api/main.js:4459:40)
    at UsersController.paging (/Users/henry/Projects/personal/vms/dist/apps/api/main.js:4425:29)
    at /Users/henry/Projects/personal/vms/node_modules/@nestjs/core/router/router-execution-context.js:38:29
    at processTicksAndRejections (node:internal/process/task_queues:95:5)[39m
[31m[App] 66422  - [39m6/23/2024, 1:43:37 PM [31m  ERROR[39m  [31mSyntaxError: Expected property name or '}' in JSON at position 1
    at JSON.parse (<anonymous>)
    at GetForTable.buildFilters (/Users/henry/Projects/personal/vms/dist/apps/api/main.js:5214:28)
    at GetForTable.execute (/Users/henry/Projects/personal/vms/dist/apps/api/main.js:5350:18)
    at TableDataBuilder.getForTable (/Users/henry/Projects/personal/vms/dist/apps/api/main.js:5365:42)
    at UsersService.findPaging (/Users/henry/Projects/personal/vms/dist/apps/api/main.js:4459:40)
    at UsersController.paging (/Users/henry/Projects/personal/vms/dist/apps/api/main.js:4425:29)
    at /Users/henry/Projects/personal/vms/node_modules/@nestjs/core/router/router-execution-context.js:38:29
    at processTicksAndRejections (node:internal/process/task_queues:95:5)[39m
[31m[App] 66422  - [39m6/23/2024, 1:44:04 PM [31m  ERROR[39m  [31mSyntaxError: Expected property name or '}' in JSON at position 1
    at JSON.parse (<anonymous>)
    at GetForTable.buildFilters (/Users/henry/Projects/personal/vms/dist/apps/api/main.js:5214:28)
    at GetForTable.execute (/Users/henry/Projects/personal/vms/dist/apps/api/main.js:5350:18)
    at TableDataBuilder.getForTable (/Users/henry/Projects/personal/vms/dist/apps/api/main.js:5365:42)
    at UsersService.findPaging (/Users/henry/Projects/personal/vms/dist/apps/api/main.js:4459:40)
    at UsersController.paging (/Users/henry/Projects/personal/vms/dist/apps/api/main.js:4425:29)
    at /Users/henry/Projects/personal/vms/node_modules/@nestjs/core/router/router-execution-context.js:38:29
    at processTicksAndRejections (node:internal/process/task_queues:95:5)[39m
[31m[App] 66422  - [39m6/23/2024, 1:44:22 PM [31m  ERROR[39m  [31mSyntaxError: Unexpected non-whitespace character after JSON at position 6
    at JSON.parse (<anonymous>)
    at GetForTable.buildFilters (/Users/henry/Projects/personal/vms/dist/apps/api/main.js:5214:28)
    at GetForTable.execute (/Users/henry/Projects/personal/vms/dist/apps/api/main.js:5350:18)
    at TableDataBuilder.getForTable (/Users/henry/Projects/personal/vms/dist/apps/api/main.js:5365:42)
    at UsersService.findPaging (/Users/henry/Projects/personal/vms/dist/apps/api/main.js:4459:40)
    at UsersController.paging (/Users/henry/Projects/personal/vms/dist/apps/api/main.js:4425:29)
    at /Users/henry/Projects/personal/vms/node_modules/@nestjs/core/router/router-execution-context.js:38:29
    at processTicksAndRejections (node:internal/process/task_queues:95:5)[39m
[31m[App] 66422  - [39m6/23/2024, 1:45:00 PM [31m  ERROR[39m  [31mSyntaxError: Expected property name or '}' in JSON at position 1
    at JSON.parse (<anonymous>)
    at GetForTable.buildFilters (/Users/henry/Projects/personal/vms/dist/apps/api/main.js:5214:28)
    at GetForTable.execute (/Users/henry/Projects/personal/vms/dist/apps/api/main.js:5350:18)
    at TableDataBuilder.getForTable (/Users/henry/Projects/personal/vms/dist/apps/api/main.js:5365:42)
    at UsersService.findPaging (/Users/henry/Projects/personal/vms/dist/apps/api/main.js:4459:40)
    at UsersController.paging (/Users/henry/Projects/personal/vms/dist/apps/api/main.js:4425:29)
    at /Users/henry/Projects/personal/vms/node_modules/@nestjs/core/router/router-execution-context.js:38:29
    at processTicksAndRejections (node:internal/process/task_queues:95:5)[39m
[31m[App] 66422  - [39m6/23/2024, 1:45:10 PM [31m  ERROR[39m  [31mSyntaxError: Expected property name or '}' in JSON at position 1
    at JSON.parse (<anonymous>)
    at GetForTable.buildFilters (/Users/henry/Projects/personal/vms/dist/apps/api/main.js:5214:28)
    at GetForTable.execute (/Users/henry/Projects/personal/vms/dist/apps/api/main.js:5350:18)
    at TableDataBuilder.getForTable (/Users/henry/Projects/personal/vms/dist/apps/api/main.js:5365:42)
    at UsersService.findPaging (/Users/henry/Projects/personal/vms/dist/apps/api/main.js:4459:40)
    at UsersController.paging (/Users/henry/Projects/personal/vms/dist/apps/api/main.js:4425:29)
    at /Users/henry/Projects/personal/vms/node_modules/@nestjs/core/router/router-execution-context.js:38:29
    at processTicksAndRejections (node:internal/process/task_queues:95:5)[39m
[31m[App] 66422  - [39m6/23/2024, 1:45:20 PM [31m  ERROR[39m  [31mSyntaxError: Expected property name or '}' in JSON at position 1
    at JSON.parse (<anonymous>)
    at GetForTable.buildFilters (/Users/henry/Projects/personal/vms/dist/apps/api/main.js:5214:28)
    at GetForTable.execute (/Users/henry/Projects/personal/vms/dist/apps/api/main.js:5350:18)
    at TableDataBuilder.getForTable (/Users/henry/Projects/personal/vms/dist/apps/api/main.js:5365:42)
    at UsersService.findPaging (/Users/henry/Projects/personal/vms/dist/apps/api/main.js:4459:40)
    at UsersController.paging (/Users/henry/Projects/personal/vms/dist/apps/api/main.js:4425:29)
    at /Users/henry/Projects/personal/vms/node_modules/@nestjs/core/router/router-execution-context.js:38:29
    at processTicksAndRejections (node:internal/process/task_queues:95:5)[39m
[31m[App] 73946  - [39m6/23/2024, 9:54:11 PM [31m  ERROR[39m  [31mSyntaxError: Expected property name or '}' in JSON at position 1
    at JSON.parse (<anonymous>)
    at GetForTable.buildFilters (/Users/henry/Projects/personal/vms/dist/apps/api/main.js:5255:28)
    at GetForTable.execute (/Users/henry/Projects/personal/vms/dist/apps/api/main.js:5391:18)
    at TableDataBuilder.getForTable (/Users/henry/Projects/personal/vms/dist/apps/api/main.js:5406:42)
    at UsersService.findPaging (/Users/henry/Projects/personal/vms/dist/apps/api/main.js:4500:40)
    at UsersController.paging (/Users/henry/Projects/personal/vms/dist/apps/api/main.js:4466:29)
    at /Users/henry/Projects/personal/vms/node_modules/@nestjs/core/router/router-execution-context.js:38:29
    at processTicksAndRejections (node:internal/process/task_queues:95:5)[39m
[31m[App] 73946  - [39m6/23/2024, 9:55:21 PM [31m  ERROR[39m  [31mSyntaxError: Expected property name or '}' in JSON at position 1
    at JSON.parse (<anonymous>)
    at GetForTable.buildFilters (/Users/henry/Projects/personal/vms/dist/apps/api/main.js:5255:28)
    at GetForTable.execute (/Users/henry/Projects/personal/vms/dist/apps/api/main.js:5391:18)
    at TableDataBuilder.getForTable (/Users/henry/Projects/personal/vms/dist/apps/api/main.js:5406:42)
    at UsersService.findPaging (/Users/henry/Projects/personal/vms/dist/apps/api/main.js:4500:40)
    at UsersController.paging (/Users/henry/Projects/personal/vms/dist/apps/api/main.js:4466:29)
    at /Users/henry/Projects/personal/vms/node_modules/@nestjs/core/router/router-execution-context.js:38:29
    at processTicksAndRejections (node:internal/process/task_queues:95:5)[39m
[31m[App] 73946  - [39m6/23/2024, 9:56:22 PM [31m  ERROR[39m  [31mSyntaxError: Unexpected non-whitespace character after JSON at position 9
    at JSON.parse (<anonymous>)
    at GetForTable.buildFilters (/Users/henry/Projects/personal/vms/dist/apps/api/main.js:5255:28)
    at GetForTable.execute (/Users/henry/Projects/personal/vms/dist/apps/api/main.js:5391:18)
    at TableDataBuilder.getForTable (/Users/henry/Projects/personal/vms/dist/apps/api/main.js:5406:42)
    at UsersService.findPaging (/Users/henry/Projects/personal/vms/dist/apps/api/main.js:4500:40)
    at UsersController.paging (/Users/henry/Projects/personal/vms/dist/apps/api/main.js:4466:29)
    at /Users/henry/Projects/personal/vms/node_modules/@nestjs/core/router/router-execution-context.js:38:29
    at processTicksAndRejections (node:internal/process/task_queues:95:5)[39m
[31m[App] 73946  - [39m6/23/2024, 9:56:41 PM [31m  ERROR[39m  [31mSyntaxError: Unexpected token 'a', "name=hiep" is not valid JSON
    at JSON.parse (<anonymous>)
    at GetForTable.buildFilters (/Users/henry/Projects/personal/vms/dist/apps/api/main.js:5255:28)
    at GetForTable.execute (/Users/henry/Projects/personal/vms/dist/apps/api/main.js:5391:18)
    at TableDataBuilder.getForTable (/Users/henry/Projects/personal/vms/dist/apps/api/main.js:5406:42)
    at UsersService.findPaging (/Users/henry/Projects/personal/vms/dist/apps/api/main.js:4500:40)
    at UsersController.paging (/Users/henry/Projects/personal/vms/dist/apps/api/main.js:4466:29)
    at /Users/henry/Projects/personal/vms/node_modules/@nestjs/core/router/router-execution-context.js:38:29
    at processTicksAndRejections (node:internal/process/task_queues:95:5)[39m
[31m[App] 73946  - [39m6/23/2024, 9:56:51 PM [31m  ERROR[39m  [31mSyntaxError: Unexpected token 'a', "name:hiep" is not valid JSON
    at JSON.parse (<anonymous>)
    at GetForTable.buildFilters (/Users/henry/Projects/personal/vms/dist/apps/api/main.js:5255:28)
    at GetForTable.execute (/Users/henry/Projects/personal/vms/dist/apps/api/main.js:5391:18)
    at TableDataBuilder.getForTable (/Users/henry/Projects/personal/vms/dist/apps/api/main.js:5406:42)
    at UsersService.findPaging (/Users/henry/Projects/personal/vms/dist/apps/api/main.js:4500:40)
    at UsersController.paging (/Users/henry/Projects/personal/vms/dist/apps/api/main.js:4466:29)
    at /Users/henry/Projects/personal/vms/node_modules/@nestjs/core/router/router-execution-context.js:38:29
    at processTicksAndRejections (node:internal/process/task_queues:95:5)[39m
[31m[App] 80977  - [39m6/23/2024, 10:53:28 PM [31m  ERROR[39m  [31mError: connect ECONNREFUSED 127.0.0.1:5432
    at TCPConnectWrap.afterConnect [as oncomplete] (node:net:1606:16)[39m
[31m[App] 81702  - [39m6/23/2024, 11:03:02 PM [31m  ERROR[39m  [31mDBError: select "users".* from "users" where "0" like $1 limit $2 - column "0" does not exist
    at wrapError (/Users/henry/Projects/personal/vms/node_modules/db-errors/lib/dbErrors.js:19:14)
    at handleExecuteError (/Users/henry/Projects/personal/vms/node_modules/objection/lib/queryBuilder/QueryBuilder.js:1140:32)
    at TableDataBuilder.execute (/Users/henry/Projects/personal/vms/node_modules/objection/lib/queryBuilder/QueryBuilder.js:449:20)
    at processTicksAndRejections (node:internal/process/task_queues:95:5)
    at GetForTable.execute (/Users/henry/Projects/personal/vms/dist/apps/api/main.js:5390:24)
    at TableDataBuilder.getForTable (/Users/henry/Projects/personal/vms/dist/apps/api/main.js:5402:24)
    at UsersService.findPaging (/Users/henry/Projects/personal/vms/dist/apps/api/main.js:4496:16)[39m
[31m[App] 81702  - [39m6/23/2024, 11:03:49 PM [31m  ERROR[39m  [31mDBError: select "users".* from "users" where "0" like $1 and "name" like $2 limit $3 - column "0" does not exist
    at wrapError (/Users/henry/Projects/personal/vms/node_modules/db-errors/lib/dbErrors.js:19:14)
    at handleExecuteError (/Users/henry/Projects/personal/vms/node_modules/objection/lib/queryBuilder/QueryBuilder.js:1140:32)
    at TableDataBuilder.execute (/Users/henry/Projects/personal/vms/node_modules/objection/lib/queryBuilder/QueryBuilder.js:449:20)
    at processTicksAndRejections (node:internal/process/task_queues:95:5)
    at GetForTable.execute (/Users/henry/Projects/personal/vms/dist/apps/api/main.js:5390:24)
    at TableDataBuilder.getForTable (/Users/henry/Projects/personal/vms/dist/apps/api/main.js:5402:24)
    at UsersService.findPaging (/Users/henry/Projects/personal/vms/dist/apps/api/main.js:4496:16)[39m
[31m[App] 81702  - [39m6/23/2024, 11:03:57 PM [31m  ERROR[39m  [31mDBError: select "users".* from "users" where "0" like $1 and "name" like $2 and "name" like $3 limit $4 - column "0" does not exist
    at wrapError (/Users/henry/Projects/personal/vms/node_modules/db-errors/lib/dbErrors.js:19:14)
    at handleExecuteError (/Users/henry/Projects/personal/vms/node_modules/objection/lib/queryBuilder/QueryBuilder.js:1140:32)
    at TableDataBuilder.execute (/Users/henry/Projects/personal/vms/node_modules/objection/lib/queryBuilder/QueryBuilder.js:449:20)
    at processTicksAndRejections (node:internal/process/task_queues:95:5)
    at GetForTable.execute (/Users/henry/Projects/personal/vms/dist/apps/api/main.js:5390:24)
    at TableDataBuilder.getForTable (/Users/henry/Projects/personal/vms/dist/apps/api/main.js:5402:24)
    at UsersService.findPaging (/Users/henry/Projects/personal/vms/dist/apps/api/main.js:4496:16)[39m
[31m[App] 81702  - [39m6/23/2024, 11:04:03 PM [31m  ERROR[39m  [31mDBError: select "users".* from "users" where "0" like $1 and "name" like $2 and "name" like $3 and "name" like $4 limit $5 - column "0" does not exist
    at wrapError (/Users/henry/Projects/personal/vms/node_modules/db-errors/lib/dbErrors.js:19:14)
    at handleExecuteError (/Users/henry/Projects/personal/vms/node_modules/objection/lib/queryBuilder/QueryBuilder.js:1140:32)
    at TableDataBuilder.execute (/Users/henry/Projects/personal/vms/node_modules/objection/lib/queryBuilder/QueryBuilder.js:449:20)
    at processTicksAndRejections (node:internal/process/task_queues:95:5)
    at GetForTable.execute (/Users/henry/Projects/personal/vms/dist/apps/api/main.js:5390:24)
    at TableDataBuilder.getForTable (/Users/henry/Projects/personal/vms/dist/apps/api/main.js:5402:24)
    at UsersService.findPaging (/Users/henry/Projects/personal/vms/dist/apps/api/main.js:4496:16)[39m
[31m[App] 83572  - [39m6/23/2024, 11:18:05 PM [31m  ERROR[39m [33m[NestApplication][39m [31mError: listen EADDRINUSE: address already in use :::3333[39m - {"stack":[null]}
[31m[App] 83572  - [39m6/23/2024, 11:18:05 PM [31m  ERROR[39m  [31munhandledRejection: listen EADDRINUSE: address already in use :::3333
Error: listen EADDRINUSE: address already in use :::3333
    at Server.setupListenHandle [as _listen2] (node:net:1898:16)
    at listenInCluster (node:net:1946:12)
    at Server.listen (node:net:2044:7)
    at ExpressAdapter.listen (/Users/henry/Projects/personal/vms/node_modules/@nestjs/platform-express/adapters/express-adapter.js:95:32)
    at /Users/henry/Projects/personal/vms/node_modules/@nestjs/core/nest-application.js:180:30
    at new Promise (<anonymous>)
    at NestApplication.listen (/Users/henry/Projects/personal/vms/node_modules/@nestjs/core/nest-application.js:170:16)
    at startServer (/Users/henry/Projects/personal/vms/dist/apps/api/main.js:885:21)[39m - {"error":{"code":"EADDRINUSE","errno":-48,"syscall":"listen","address":"::","port":3333},"stack":"Error: listen EADDRINUSE: address already in use :::3333\n    at Server.setupListenHandle [as _listen2] (node:net:1898:16)\n    at listenInCluster (node:net:1946:12)\n    at Server.listen (node:net:2044:7)\n    at ExpressAdapter.listen (/Users/henry/Projects/personal/vms/node_modules/@nestjs/platform-express/adapters/express-adapter.js:95:32)\n    at /Users/henry/Projects/personal/vms/node_modules/@nestjs/core/nest-application.js:180:30\n    at new Promise (<anonymous>)\n    at NestApplication.listen (/Users/henry/Projects/personal/vms/node_modules/@nestjs/core/nest-application.js:170:16)\n    at startServer (/Users/henry/Projects/personal/vms/dist/apps/api/main.js:885:21)","rejection":true,"date":"Sun Jun 23 2024 23:18:05 GMT+0700 (Indochina Time)","process":{"pid":83572,"uid":501,"gid":20,"cwd":"/Users/henry/Projects/personal/vms","execPath":"/Users/henry/.nvm/versions/node/v20.13.1/bin/node","version":"v20.13.1","argv":["/Users/henry/.nvm/versions/node/v20.13.1/bin/node","/Users/henry/Projects/personal/vms/node_modules/@nx/js/src/executors/node/node-with-require-overrides"],"memoryUsage":{"rss":131973120,"heapTotal":71008256,"heapUsed":42345696,"external":4365011,"arrayBuffers":141457}},"os":{"loadavg":[1.939453125,2.3740234375,2.7841796875],"uptime":125760},"trace":[{"column":16,"file":"node:net","function":"Server.setupListenHandle [as _listen2]","line":1898,"method":"setupListenHandle [as _listen2]","native":false},{"column":12,"file":"node:net","function":"listenInCluster","line":1946,"method":null,"native":false},{"column":7,"file":"node:net","function":"Server.listen","line":2044,"method":"listen","native":false},{"column":32,"file":"/Users/henry/Projects/personal/vms/node_modules/@nestjs/platform-express/adapters/express-adapter.js","function":"ExpressAdapter.listen","line":95,"method":"listen","native":false},{"column":30,"file":"/Users/henry/Projects/personal/vms/node_modules/@nestjs/core/nest-application.js","function":null,"line":180,"method":null,"native":false},{"column":null,"file":null,"function":"new Promise","line":null,"method":null,"native":false},{"column":16,"file":"/Users/henry/Projects/personal/vms/node_modules/@nestjs/core/nest-application.js","function":"NestApplication.listen","line":170,"method":"listen","native":false},{"column":21,"file":"/Users/henry/Projects/personal/vms/dist/apps/api/main.js","function":"startServer","line":885,"method":null,"native":false}]}
[31m[App] 83572  - [39m6/23/2024, 11:18:05 PM [31m  ERROR[39m  [31munhandledRejection: listen EADDRINUSE: address already in use :::3333
Error: listen EADDRINUSE: address already in use :::3333
    at Server.setupListenHandle [as _listen2] (node:net:1898:16)
    at listenInCluster (node:net:1946:12)
    at Server.listen (node:net:2044:7)
    at ExpressAdapter.listen (/Users/henry/Projects/personal/vms/node_modules/@nestjs/platform-express/adapters/express-adapter.js:95:32)
    at /Users/henry/Projects/personal/vms/node_modules/@nestjs/core/nest-application.js:180:30
    at new Promise (<anonymous>)
    at NestApplication.listen (/Users/henry/Projects/personal/vms/node_modules/@nestjs/core/nest-application.js:170:16)
    at startServer (/Users/henry/Projects/personal/vms/dist/apps/api/main.js:885:21)[39m - {"error":{"code":"EADDRINUSE","errno":-48,"syscall":"listen","address":"::","port":3333},"stack":"Error: listen EADDRINUSE: address already in use :::3333\n    at Server.setupListenHandle [as _listen2] (node:net:1898:16)\n    at listenInCluster (node:net:1946:12)\n    at Server.listen (node:net:2044:7)\n    at ExpressAdapter.listen (/Users/henry/Projects/personal/vms/node_modules/@nestjs/platform-express/adapters/express-adapter.js:95:32)\n    at /Users/henry/Projects/personal/vms/node_modules/@nestjs/core/nest-application.js:180:30\n    at new Promise (<anonymous>)\n    at NestApplication.listen (/Users/henry/Projects/personal/vms/node_modules/@nestjs/core/nest-application.js:170:16)\n    at startServer (/Users/henry/Projects/personal/vms/dist/apps/api/main.js:885:21)","rejection":true,"date":"Sun Jun 23 2024 23:18:05 GMT+0700 (Indochina Time)","process":{"pid":83572,"uid":501,"gid":20,"cwd":"/Users/henry/Projects/personal/vms","execPath":"/Users/henry/.nvm/versions/node/v20.13.1/bin/node","version":"v20.13.1","argv":["/Users/henry/.nvm/versions/node/v20.13.1/bin/node","/Users/henry/Projects/personal/vms/node_modules/@nx/js/src/executors/node/node-with-require-overrides"],"memoryUsage":{"rss":131973120,"heapTotal":71008256,"heapUsed":42345696,"external":4365011,"arrayBuffers":141457}},"os":{"loadavg":[1.939453125,2.3740234375,2.7841796875],"uptime":125760},"trace":[{"column":16,"file":"node:net","function":"Server.setupListenHandle [as _listen2]","line":1898,"method":"setupListenHandle [as _listen2]","native":false},{"column":12,"file":"node:net","function":"listenInCluster","line":1946,"method":null,"native":false},{"column":7,"file":"node:net","function":"Server.listen","line":2044,"method":"listen","native":false},{"column":32,"file":"/Users/henry/Projects/personal/vms/node_modules/@nestjs/platform-express/adapters/express-adapter.js","function":"ExpressAdapter.listen","line":95,"method":"listen","native":false},{"column":30,"file":"/Users/henry/Projects/personal/vms/node_modules/@nestjs/core/nest-application.js","function":null,"line":180,"method":null,"native":false},{"column":null,"file":null,"function":"new Promise","line":null,"method":null,"native":false},{"column":16,"file":"/Users/henry/Projects/personal/vms/node_modules/@nestjs/core/nest-application.js","function":"NestApplication.listen","line":170,"method":"listen","native":false},{"column":21,"file":"/Users/henry/Projects/personal/vms/dist/apps/api/main.js","function":"startServer","line":885,"method":null,"native":false}]}
[31m[App] 84144  - [39m6/23/2024, 11:23:51 PM [31m  ERROR[39m  [31mDBError: select "users".* from "users" where "username" like $1 and "username" like $2 and "0" like $3 limit $4 - column "0" does not exist
    at wrapError (/Users/henry/Projects/personal/vms/node_modules/db-errors/lib/dbErrors.js:19:14)
    at handleExecuteError (/Users/henry/Projects/personal/vms/node_modules/objection/lib/queryBuilder/QueryBuilder.js:1140:32)
    at TableDataBuilder.execute (/Users/henry/Projects/personal/vms/node_modules/objection/lib/queryBuilder/QueryBuilder.js:449:20)
    at processTicksAndRejections (node:internal/process/task_queues:95:5)
    at GetForTable.execute (/Users/henry/Projects/personal/vms/dist/apps/api/main.js:5251:24)
    at TableDataBuilder.getForTable (/Users/henry/Projects/personal/vms/dist/apps/api/main.js:5263:24)
    at UsersService.findPaging (/Users/henry/Projects/personal/vms/dist/apps/api/main.js:5365:16)[39m
[31m[App] 84144  - [39m6/23/2024, 11:24:10 PM [31m  ERROR[39m  [31mDBError: select "users".* from "users" where "username" like $1 and "username" like $2 and "0" like $3 and "0" like $4 limit $5 - column "0" does not exist
    at wrapError (/Users/henry/Projects/personal/vms/node_modules/db-errors/lib/dbErrors.js:19:14)
    at handleExecuteError (/Users/henry/Projects/personal/vms/node_modules/objection/lib/queryBuilder/QueryBuilder.js:1140:32)
    at TableDataBuilder.execute (/Users/henry/Projects/personal/vms/node_modules/objection/lib/queryBuilder/QueryBuilder.js:449:20)
    at processTicksAndRejections (node:internal/process/task_queues:95:5)
    at GetForTable.execute (/Users/henry/Projects/personal/vms/dist/apps/api/main.js:5251:24)
    at TableDataBuilder.getForTable (/Users/henry/Projects/personal/vms/dist/apps/api/main.js:5263:24)
    at UsersService.findPaging (/Users/henry/Projects/personal/vms/dist/apps/api/main.js:5365:16)[39m
[31m[App] 84280  - [39m6/23/2024, 11:25:12 PM [31m  ERROR[39m  [31mDBError: select "users".* from "users" where "0" like $1 limit $2 - column "0" does not exist
    at wrapError (/Users/henry/Projects/personal/vms/node_modules/db-errors/lib/dbErrors.js:19:14)
    at handleExecuteError (/Users/henry/Projects/personal/vms/node_modules/objection/lib/queryBuilder/QueryBuilder.js:1140:32)
    at TableDataBuilder.execute (/Users/henry/Projects/personal/vms/node_modules/objection/lib/queryBuilder/QueryBuilder.js:449:20)
    at processTicksAndRejections (node:internal/process/task_queues:95:5)
    at GetForTable.execute (/Users/henry/Projects/personal/vms/dist/apps/api/main.js:5251:24)
    at TableDataBuilder.getForTable (/Users/henry/Projects/personal/vms/dist/apps/api/main.js:5263:24)
    at UsersService.findPaging (/Users/henry/Projects/personal/vms/dist/apps/api/main.js:5365:16)[39m
[31m[App] 84358  - [39m6/23/2024, 11:25:52 PM [31m  ERROR[39m  [31mDBError: select "users".* from "users" where "0" like $1 limit $2 - column "0" does not exist
    at wrapError (/Users/henry/Projects/personal/vms/node_modules/db-errors/lib/dbErrors.js:19:14)
    at handleExecuteError (/Users/henry/Projects/personal/vms/node_modules/objection/lib/queryBuilder/QueryBuilder.js:1140:32)
    at TableDataBuilder.execute (/Users/henry/Projects/personal/vms/node_modules/objection/lib/queryBuilder/QueryBuilder.js:449:20)
    at processTicksAndRejections (node:internal/process/task_queues:95:5)
    at GetForTable.execute (/Users/henry/Projects/personal/vms/dist/apps/api/main.js:5250:24)
    at TableDataBuilder.getForTable (/Users/henry/Projects/personal/vms/dist/apps/api/main.js:5262:24)
    at UsersService.findPaging (/Users/henry/Projects/personal/vms/dist/apps/api/main.js:5364:16)[39m
[31m[App] 88580  - [39m6/23/2024, 11:42:20 PM [31m  ERROR[39m  [31mDBError: select "users".* from "users" where "0" like $1 limit $2 - column "0" does not exist
    at wrapError (/Users/henry/Projects/personal/vms/node_modules/db-errors/lib/dbErrors.js:19:14)
    at handleExecuteError (/Users/henry/Projects/personal/vms/node_modules/objection/lib/queryBuilder/QueryBuilder.js:1140:32)
    at TableDataBuilder.execute (/Users/henry/Projects/personal/vms/node_modules/objection/lib/queryBuilder/QueryBuilder.js:449:20)
    at processTicksAndRejections (node:internal/process/task_queues:95:5)
    at GetForTable.execute (/Users/henry/Projects/personal/vms/dist/apps/api/main.js:5250:24)
    at TableDataBuilder.getForTable (/Users/henry/Projects/personal/vms/dist/apps/api/main.js:5262:24)
    at UsersService.findPaging (/Users/henry/Projects/personal/vms/dist/apps/api/main.js:5364:16)[39m
[31m[App] 88580  - [39m6/23/2024, 11:42:37 PM [31m  ERROR[39m  [31mDBError: select "users".* from "users" where "0" like $1 and "0" like $2 limit $3 - column "0" does not exist
    at wrapError (/Users/henry/Projects/personal/vms/node_modules/db-errors/lib/dbErrors.js:19:14)
    at handleExecuteError (/Users/henry/Projects/personal/vms/node_modules/objection/lib/queryBuilder/QueryBuilder.js:1140:32)
    at TableDataBuilder.execute (/Users/henry/Projects/personal/vms/node_modules/objection/lib/queryBuilder/QueryBuilder.js:449:20)
    at processTicksAndRejections (node:internal/process/task_queues:95:5)
    at GetForTable.execute (/Users/henry/Projects/personal/vms/dist/apps/api/main.js:5250:24)
    at TableDataBuilder.getForTable (/Users/henry/Projects/personal/vms/dist/apps/api/main.js:5262:24)
    at UsersService.findPaging (/Users/henry/Projects/personal/vms/dist/apps/api/main.js:5364:16)[39m
