[31m[App] 87465  - [39m6/15/2024, 3:16:34 PM [31m  ERROR[39m [33m[AppService][39m - {"stack":[null],"name":"hiep","age":14,"country":"VI"}
[31m[App] 88351  - [39m6/15/2024, 3:27:07 PM [31m  ERROR[39m [33m[AppService][39m - {"stack":[null],"name":"hiep","age":14,"country":"VI"}
[31m[App] 88443  - [39m6/15/2024, 3:28:03 PM [31m  ERROR[39m [33m[AppService][39m - {"stack":[null],"name":"hiep","age":14,"country":"VI"}
[31m[App] 88500  - [39m6/15/2024, 3:28:25 PM [31m  ERROR[39m [33m[AppService][39m - {"stack":[null],"name":"hiep","age":14,"country":"VI"}
[31m[App] 91421  - [39m6/15/2024, 4:03:52 PM [31m  ERROR[39m [33m[AppService][39m - {"stack":[null],"name":"hiep","age":14,"country":"VI"}
[31m[App] 91625  - [39m6/15/2024, 4:06:46 PM [31m  ERROR[39m [33m[AppService][39m - {"stack":[null],"name":"hiep","age":14,"country":"VI"}
[31m[App] 91784  - [39m6/15/2024, 4:12:49 PM [31m  ERROR[39m [33m[AppService][39m - {"stack":[null],"name":"hiep","age":14,"country":"VI"}
[31m[App] 92564  - [39m6/15/2024, 4:21:45 PM [31m  ERROR[39m [33m[AppService][39m - {"stack":[null],"name":"hiep","age":14,"country":"VI"}
[31m[App] 92744  - [39m6/15/2024, 4:23:21 PM [31m  ERROR[39m [33m[AppService][39m - {"stack":[null],"name":"hiep","age":14,"country":"VI"}
[31m[App] 95595  - [39m6/15/2024, 5:01:47 PM [31m  ERROR[39m  [31munhandledRejection: Cannot find module '@nestjs/websockets'
Require stack:
- /Users/henry/Projects/personal/vms/node_modules/@nestjs/platform-ws/adapters/ws-adapter.js
- /Users/henry/Projects/personal/vms/node_modules/@nestjs/platform-ws/adapters/index.js
- /Users/henry/Projects/personal/vms/node_modules/@nestjs/platform-ws/index.js
- /Users/henry/Projects/personal/vms/dist/apps/api/main.js
Error: Cannot find module '@nestjs/websockets'
Require stack:
- /Users/henry/Projects/personal/vms/node_modules/@nestjs/platform-ws/adapters/ws-adapter.js
- /Users/henry/Projects/personal/vms/node_modules/@nestjs/platform-ws/adapters/index.js
- /Users/henry/Projects/personal/vms/node_modules/@nestjs/platform-ws/index.js
- /Users/henry/Projects/personal/vms/dist/apps/api/main.js
    at Function.Module._resolveFilename (node:internal/modules/cjs/loader:1145:15)
    at Function.Module._load (node:internal/modules/cjs/loader:986:27)
    at Function.Module._load (/Users/henry/Projects/personal/vms/node_modules/@nx/js/src/executors/node/node-with-require-overrides.js:18:31)
    at Module.require (node:internal/modules/cjs/loader:1233:19)
    at Module.Hook.Module.require (/Users/henry/Projects/personal/vms/node_modules/dd-trace/packages/dd-trace/src/ritm.js:64:27)
    at require (node:internal/modules/helpers:179:18)
    at Object.<anonymous> (/Users/henry/Projects/personal/vms/node_modules/@nestjs/platform-ws/adapters/ws-adapter.js:7:22)
    at Module._compile (node:internal/modules/cjs/loader:1358:14)
    at Object.Module._extensions..js (node:internal/modules/cjs/loader:1416:10)
    at Module.load (node:internal/modules/cjs/loader:1208:32)[39m - {"error":{"code":"MODULE_NOT_FOUND","requireStack":["/Users/henry/Projects/personal/vms/node_modules/@nestjs/platform-ws/adapters/ws-adapter.js","/Users/henry/Projects/personal/vms/node_modules/@nestjs/platform-ws/adapters/index.js","/Users/henry/Projects/personal/vms/node_modules/@nestjs/platform-ws/index.js","/Users/henry/Projects/personal/vms/dist/apps/api/main.js"]},"stack":"Error: Cannot find module '@nestjs/websockets'\nRequire stack:\n- /Users/henry/Projects/personal/vms/node_modules/@nestjs/platform-ws/adapters/ws-adapter.js\n- /Users/henry/Projects/personal/vms/node_modules/@nestjs/platform-ws/adapters/index.js\n- /Users/henry/Projects/personal/vms/node_modules/@nestjs/platform-ws/index.js\n- /Users/henry/Projects/personal/vms/dist/apps/api/main.js\n    at Function.Module._resolveFilename (node:internal/modules/cjs/loader:1145:15)\n    at Function.Module._load (node:internal/modules/cjs/loader:986:27)\n    at Function.Module._load (/Users/henry/Projects/personal/vms/node_modules/@nx/js/src/executors/node/node-with-require-overrides.js:18:31)\n    at Module.require (node:internal/modules/cjs/loader:1233:19)\n    at Module.Hook.Module.require (/Users/henry/Projects/personal/vms/node_modules/dd-trace/packages/dd-trace/src/ritm.js:64:27)\n    at require (node:internal/modules/helpers:179:18)\n    at Object.<anonymous> (/Users/henry/Projects/personal/vms/node_modules/@nestjs/platform-ws/adapters/ws-adapter.js:7:22)\n    at Module._compile (node:internal/modules/cjs/loader:1358:14)\n    at Object.Module._extensions..js (node:internal/modules/cjs/loader:1416:10)\n    at Module.load (node:internal/modules/cjs/loader:1208:32)","rejection":true,"date":"Sat Jun 15 2024 17:01:47 GMT+0700 (Indochina Time)","process":{"pid":95595,"uid":501,"gid":20,"cwd":"/Users/henry/Projects/personal/vms","execPath":"/Users/henry/.nvm/versions/node/v20.13.1/bin/node","version":"v20.13.1","argv":["/Users/henry/.nvm/versions/node/v20.13.1/bin/node","/Users/henry/Projects/personal/vms/node_modules/@nx/js/src/executors/node/node-with-require-overrides"],"memoryUsage":{"rss":88965120,"heapTotal":36175872,"heapUsed":22700280,"external":3517095,"arrayBuffers":141201}},"os":{"loadavg":[3.58544921875,3.708984375,3.77880859375],"uptime":98190},"trace":[{"column":15,"file":"node:internal/modules/cjs/loader","function":"Module._resolveFilename","line":1145,"method":"_resolveFilename","native":false},{"column":27,"file":"node:internal/modules/cjs/loader","function":"Module._load","line":986,"method":"_load","native":false},{"column":31,"file":"/Users/henry/Projects/personal/vms/node_modules/@nx/js/src/executors/node/node-with-require-overrides.js","function":"Module._load","line":18,"method":"_load","native":false},{"column":19,"file":"node:internal/modules/cjs/loader","function":"Module.require","line":1233,"method":"require","native":false},{"column":27,"file":"/Users/henry/Projects/personal/vms/node_modules/dd-trace/packages/dd-trace/src/ritm.js","function":"Module.require","line":64,"method":"require","native":false},{"column":18,"file":"node:internal/modules/helpers","function":"require","line":179,"method":null,"native":false},{"column":22,"file":"/Users/henry/Projects/personal/vms/node_modules/@nestjs/platform-ws/adapters/ws-adapter.js","function":null,"line":7,"method":null,"native":false},{"column":14,"file":"node:internal/modules/cjs/loader","function":"Module._compile","line":1358,"method":"_compile","native":false},{"column":10,"file":"node:internal/modules/cjs/loader","function":"Module._extensions..js","line":1416,"method":".js","native":false},{"column":32,"file":"node:internal/modules/cjs/loader","function":"Module.load","line":1208,"method":"load","native":false}]}
[31m[App] 95595  - [39m6/15/2024, 5:01:47 PM [31m  ERROR[39m  [31munhandledRejection: Cannot find module '@nestjs/websockets'
Require stack:
- /Users/henry/Projects/personal/vms/node_modules/@nestjs/platform-ws/adapters/ws-adapter.js
- /Users/henry/Projects/personal/vms/node_modules/@nestjs/platform-ws/adapters/index.js
- /Users/henry/Projects/personal/vms/node_modules/@nestjs/platform-ws/index.js
- /Users/henry/Projects/personal/vms/dist/apps/api/main.js
Error: Cannot find module '@nestjs/websockets'
Require stack:
- /Users/henry/Projects/personal/vms/node_modules/@nestjs/platform-ws/adapters/ws-adapter.js
- /Users/henry/Projects/personal/vms/node_modules/@nestjs/platform-ws/adapters/index.js
- /Users/henry/Projects/personal/vms/node_modules/@nestjs/platform-ws/index.js
- /Users/henry/Projects/personal/vms/dist/apps/api/main.js
    at Function.Module._resolveFilename (node:internal/modules/cjs/loader:1145:15)
    at Function.Module._load (node:internal/modules/cjs/loader:986:27)
    at Function.Module._load (/Users/henry/Projects/personal/vms/node_modules/@nx/js/src/executors/node/node-with-require-overrides.js:18:31)
    at Module.require (node:internal/modules/cjs/loader:1233:19)
    at Module.Hook.Module.require (/Users/henry/Projects/personal/vms/node_modules/dd-trace/packages/dd-trace/src/ritm.js:64:27)
    at require (node:internal/modules/helpers:179:18)
    at Object.<anonymous> (/Users/henry/Projects/personal/vms/node_modules/@nestjs/platform-ws/adapters/ws-adapter.js:7:22)
    at Module._compile (node:internal/modules/cjs/loader:1358:14)
    at Object.Module._extensions..js (node:internal/modules/cjs/loader:1416:10)
    at Module.load (node:internal/modules/cjs/loader:1208:32)[39m - {"error":{"code":"MODULE_NOT_FOUND","requireStack":["/Users/henry/Projects/personal/vms/node_modules/@nestjs/platform-ws/adapters/ws-adapter.js","/Users/henry/Projects/personal/vms/node_modules/@nestjs/platform-ws/adapters/index.js","/Users/henry/Projects/personal/vms/node_modules/@nestjs/platform-ws/index.js","/Users/henry/Projects/personal/vms/dist/apps/api/main.js"]},"stack":"Error: Cannot find module '@nestjs/websockets'\nRequire stack:\n- /Users/henry/Projects/personal/vms/node_modules/@nestjs/platform-ws/adapters/ws-adapter.js\n- /Users/henry/Projects/personal/vms/node_modules/@nestjs/platform-ws/adapters/index.js\n- /Users/henry/Projects/personal/vms/node_modules/@nestjs/platform-ws/index.js\n- /Users/henry/Projects/personal/vms/dist/apps/api/main.js\n    at Function.Module._resolveFilename (node:internal/modules/cjs/loader:1145:15)\n    at Function.Module._load (node:internal/modules/cjs/loader:986:27)\n    at Function.Module._load (/Users/henry/Projects/personal/vms/node_modules/@nx/js/src/executors/node/node-with-require-overrides.js:18:31)\n    at Module.require (node:internal/modules/cjs/loader:1233:19)\n    at Module.Hook.Module.require (/Users/henry/Projects/personal/vms/node_modules/dd-trace/packages/dd-trace/src/ritm.js:64:27)\n    at require (node:internal/modules/helpers:179:18)\n    at Object.<anonymous> (/Users/henry/Projects/personal/vms/node_modules/@nestjs/platform-ws/adapters/ws-adapter.js:7:22)\n    at Module._compile (node:internal/modules/cjs/loader:1358:14)\n    at Object.Module._extensions..js (node:internal/modules/cjs/loader:1416:10)\n    at Module.load (node:internal/modules/cjs/loader:1208:32)","rejection":true,"date":"Sat Jun 15 2024 17:01:47 GMT+0700 (Indochina Time)","process":{"pid":95595,"uid":501,"gid":20,"cwd":"/Users/henry/Projects/personal/vms","execPath":"/Users/henry/.nvm/versions/node/v20.13.1/bin/node","version":"v20.13.1","argv":["/Users/henry/.nvm/versions/node/v20.13.1/bin/node","/Users/henry/Projects/personal/vms/node_modules/@nx/js/src/executors/node/node-with-require-overrides"],"memoryUsage":{"rss":88965120,"heapTotal":36175872,"heapUsed":22700280,"external":3517095,"arrayBuffers":141201}},"os":{"loadavg":[3.58544921875,3.708984375,3.77880859375],"uptime":98190},"trace":[{"column":15,"file":"node:internal/modules/cjs/loader","function":"Module._resolveFilename","line":1145,"method":"_resolveFilename","native":false},{"column":27,"file":"node:internal/modules/cjs/loader","function":"Module._load","line":986,"method":"_load","native":false},{"column":31,"file":"/Users/henry/Projects/personal/vms/node_modules/@nx/js/src/executors/node/node-with-require-overrides.js","function":"Module._load","line":18,"method":"_load","native":false},{"column":19,"file":"node:internal/modules/cjs/loader","function":"Module.require","line":1233,"method":"require","native":false},{"column":27,"file":"/Users/henry/Projects/personal/vms/node_modules/dd-trace/packages/dd-trace/src/ritm.js","function":"Module.require","line":64,"method":"require","native":false},{"column":18,"file":"node:internal/modules/helpers","function":"require","line":179,"method":null,"native":false},{"column":22,"file":"/Users/henry/Projects/personal/vms/node_modules/@nestjs/platform-ws/adapters/ws-adapter.js","function":null,"line":7,"method":null,"native":false},{"column":14,"file":"node:internal/modules/cjs/loader","function":"Module._compile","line":1358,"method":"_compile","native":false},{"column":10,"file":"node:internal/modules/cjs/loader","function":"Module._extensions..js","line":1416,"method":".js","native":false},{"column":32,"file":"node:internal/modules/cjs/loader","function":"Module.load","line":1208,"method":"load","native":false}]}
[31m[App] 3552   - [39m6/15/2024, 6:32:18 PM [31m  ERROR[39m  [31m[39m
[31m[App] 3602   - [39m6/15/2024, 6:32:44 PM [31m  ERROR[39m  [31mError[39m
[31m[App] 3657   - [39m6/15/2024, 6:33:23 PM [31m  ERROR[39m  [31mError: 
    at AppService.getData (/Users/henry/Projects/personal/vms/dist/apps/api/main.js:616:15)
    at AppController.getData (/Users/henry/Projects/personal/vms/dist/apps/api/main.js:583:32)
    at /Users/henry/Projects/personal/vms/node_modules/@nestjs/core/router/router-execution-context.js:38:29
    at InterceptorsConsumer.transformDeferred (/Users/henry/Projects/personal/vms/node_modules/@nestjs/core/interceptors/interceptors-consumer.js:31:33)
    at /Users/henry/Projects/personal/vms/node_modules/@nestjs/core/interceptors/interceptors-consumer.js:18:86
    at AsyncResource.runInAsyncScope (node:async_hooks:206:9)
    at bound (node:async_hooks:238:16)
    at Observable._subscribe (/Users/henry/Projects/personal/vms/node_modules/rxjs/src/internal/observable/defer.ts:55:15)
    at Observable._trySubscribe (/Users/henry/Projects/personal/vms/node_modules/rxjs/src/internal/Observable.ts:244:19)
    at /Users/henry/Projects/personal/vms/node_modules/rxjs/src/internal/Observable.ts:234:18[39m
