[32m[App] 50254  - [39m6/19/2024, 10:54:00 PM [32m    LOG[39m [33m[NestFactory][39m [32mStarting Nest application...[39m
[32m[App] 50254  - [39m6/19/2024, 10:54:00 PM [32m    LOG[39m [33m[InstanceLoader][39m [32mLoggingModule dependencies initialized[39m
[32m[App] 50254  - [39m6/19/2024, 10:54:00 PM [32m    LOG[39m [33m[InstanceLoader][39m [32mNestServerModule dependencies initialized[39m
[32m[App] 50254  - [39m6/19/2024, 10:54:00 PM [32m    LOG[39m [33m[InstanceLoader][39m [32mAppModule dependencies initialized[39m
[32m[App] 50254  - [39m6/19/2024, 10:54:00 PM [32m    LOG[39m [33m[RoutesResolver][39m [32mNestServerController {/api/internal}:[39m
[32m[App] 50254  - [39m6/19/2024, 10:54:00 PM [32m    LOG[39m [33m[RouterExplorer][39m [32mMapped {/api/internal/liveness, GET} route[39m
[32m[App] 50254  - [39m6/19/2024, 10:54:00 PM [32m    LOG[39m [33m[RouterExplorer][39m [32mMapped {/api/internal/version, GET} route[39m
[32m[App] 50254  - [39m6/19/2024, 10:54:00 PM [32m    LOG[39m [33m[RoutesResolver][39m [32mAppController {/api}:[39m
[32m[App] 50254  - [39m6/19/2024, 10:54:00 PM [32m    LOG[39m [33m[RouterExplorer][39m [32mMapped {/api, GET} route[39m
[31m[App] 50254  - [39m6/19/2024, 10:54:00 PM [31m  ERROR[39m  [31munhandledRejection: An invalid controller has been detected. "OnvifModule" does not have the @Controller() decorator but it is being listed in the "controllers" array of some module.
Error: An invalid controller has been detected. "OnvifModule" does not have the @Controller() decorator but it is being listed in the "controllers" array of some module.
    at RouterExplorer.extractRouterPath (/Users/henry/Projects/personal/vms/node_modules/@nestjs/core/router/router-explorer.js:54:19)
    at /Users/henry/Projects/personal/vms/node_modules/@nestjs/core/router/routes-resolver.js:39:53
    at Map.forEach (<anonymous>)
    at RoutesResolver.registerRouters (/Users/henry/Projects/personal/vms/node_modules/@nestjs/core/router/routes-resolver.js:36:16)
    at /Users/henry/Projects/personal/vms/node_modules/@nestjs/core/router/routes-resolver.js:32:18
    at ModulesContainer.forEach (<anonymous>)
    at RoutesResolver.resolve (/Users/henry/Projects/personal/vms/node_modules/@nestjs/core/router/routes-resolver.js:30:17)
    at NestApplication.registerRouter (/Users/henry/Projects/personal/vms/node_modules/@nestjs/core/nest-application.js:116:29)
    at NestApplication.init (/Users/henry/Projects/personal/vms/node_modules/@nestjs/core/nest-application.js:99:9)
    at NestApplication.listen (/Users/henry/Projects/personal/vms/node_modules/@nestjs/core/nest-application.js:169:33)[39m - {"error":{},"stack":"Error: An invalid controller has been detected. \"OnvifModule\" does not have the @Controller() decorator but it is being listed in the \"controllers\" array of some module.\n    at RouterExplorer.extractRouterPath (/Users/henry/Projects/personal/vms/node_modules/@nestjs/core/router/router-explorer.js:54:19)\n    at /Users/henry/Projects/personal/vms/node_modules/@nestjs/core/router/routes-resolver.js:39:53\n    at Map.forEach (<anonymous>)\n    at RoutesResolver.registerRouters (/Users/henry/Projects/personal/vms/node_modules/@nestjs/core/router/routes-resolver.js:36:16)\n    at /Users/henry/Projects/personal/vms/node_modules/@nestjs/core/router/routes-resolver.js:32:18\n    at ModulesContainer.forEach (<anonymous>)\n    at RoutesResolver.resolve (/Users/henry/Projects/personal/vms/node_modules/@nestjs/core/router/routes-resolver.js:30:17)\n    at NestApplication.registerRouter (/Users/henry/Projects/personal/vms/node_modules/@nestjs/core/nest-application.js:116:29)\n    at NestApplication.init (/Users/henry/Projects/personal/vms/node_modules/@nestjs/core/nest-application.js:99:9)\n    at NestApplication.listen (/Users/henry/Projects/personal/vms/node_modules/@nestjs/core/nest-application.js:169:33)","rejection":true,"date":"Wed Jun 19 2024 22:54:00 GMT+0700 (Indochina Time)","process":{"pid":50254,"uid":501,"gid":20,"cwd":"/Users/henry/Projects/personal/vms","execPath":"/Users/henry/.nvm/versions/node/v20.13.1/bin/node","version":"v20.13.1","argv":["/Users/henry/.nvm/versions/node/v20.13.1/bin/node","/Users/henry/Projects/personal/vms/node_modules/@nx/js/src/executors/node/node-with-require-overrides"],"memoryUsage":{"rss":113131520,"heapTotal":60194816,"heapUsed":37194016,"external":3592239,"arrayBuffers":141201}},"os":{"loadavg":[2.7724609375,2.55322265625,2.55224609375],"uptime":51133},"trace":[{"column":19,"file":"/Users/henry/Projects/personal/vms/node_modules/@nestjs/core/router/router-explorer.js","function":"RouterExplorer.extractRouterPath","line":54,"method":"extractRouterPath","native":false},{"column":53,"file":"/Users/henry/Projects/personal/vms/node_modules/@nestjs/core/router/routes-resolver.js","function":null,"line":39,"method":null,"native":false},{"column":null,"file":null,"function":"Map.forEach","line":null,"method":"forEach","native":false},{"column":16,"file":"/Users/henry/Projects/personal/vms/node_modules/@nestjs/core/router/routes-resolver.js","function":"RoutesResolver.registerRouters","line":36,"method":"registerRouters","native":false},{"column":18,"file":"/Users/henry/Projects/personal/vms/node_modules/@nestjs/core/router/routes-resolver.js","function":null,"line":32,"method":null,"native":false},{"column":null,"file":null,"function":"ModulesContainer.forEach","line":null,"method":"forEach","native":false},{"column":17,"file":"/Users/henry/Projects/personal/vms/node_modules/@nestjs/core/router/routes-resolver.js","function":"RoutesResolver.resolve","line":30,"method":"resolve","native":false},{"column":29,"file":"/Users/henry/Projects/personal/vms/node_modules/@nestjs/core/nest-application.js","function":"NestApplication.registerRouter","line":116,"method":"registerRouter","native":false},{"column":9,"file":"/Users/henry/Projects/personal/vms/node_modules/@nestjs/core/nest-application.js","function":"NestApplication.init","line":99,"method":"init","native":false},{"column":33,"file":"/Users/henry/Projects/personal/vms/node_modules/@nestjs/core/nest-application.js","function":"NestApplication.listen","line":169,"method":"listen","native":false}]}
[31m[App] 50254  - [39m6/19/2024, 10:54:00 PM [31m  ERROR[39m  [31munhandledRejection: An invalid controller has been detected. "OnvifModule" does not have the @Controller() decorator but it is being listed in the "controllers" array of some module.
Error: An invalid controller has been detected. "OnvifModule" does not have the @Controller() decorator but it is being listed in the "controllers" array of some module.
    at RouterExplorer.extractRouterPath (/Users/henry/Projects/personal/vms/node_modules/@nestjs/core/router/router-explorer.js:54:19)
    at /Users/henry/Projects/personal/vms/node_modules/@nestjs/core/router/routes-resolver.js:39:53
    at Map.forEach (<anonymous>)
    at RoutesResolver.registerRouters (/Users/henry/Projects/personal/vms/node_modules/@nestjs/core/router/routes-resolver.js:36:16)
    at /Users/henry/Projects/personal/vms/node_modules/@nestjs/core/router/routes-resolver.js:32:18
    at ModulesContainer.forEach (<anonymous>)
    at RoutesResolver.resolve (/Users/henry/Projects/personal/vms/node_modules/@nestjs/core/router/routes-resolver.js:30:17)
    at NestApplication.registerRouter (/Users/henry/Projects/personal/vms/node_modules/@nestjs/core/nest-application.js:116:29)
    at NestApplication.init (/Users/henry/Projects/personal/vms/node_modules/@nestjs/core/nest-application.js:99:9)
    at NestApplication.listen (/Users/henry/Projects/personal/vms/node_modules/@nestjs/core/nest-application.js:169:33)[39m - {"error":{},"stack":"Error: An invalid controller has been detected. \"OnvifModule\" does not have the @Controller() decorator but it is being listed in the \"controllers\" array of some module.\n    at RouterExplorer.extractRouterPath (/Users/henry/Projects/personal/vms/node_modules/@nestjs/core/router/router-explorer.js:54:19)\n    at /Users/henry/Projects/personal/vms/node_modules/@nestjs/core/router/routes-resolver.js:39:53\n    at Map.forEach (<anonymous>)\n    at RoutesResolver.registerRouters (/Users/henry/Projects/personal/vms/node_modules/@nestjs/core/router/routes-resolver.js:36:16)\n    at /Users/henry/Projects/personal/vms/node_modules/@nestjs/core/router/routes-resolver.js:32:18\n    at ModulesContainer.forEach (<anonymous>)\n    at RoutesResolver.resolve (/Users/henry/Projects/personal/vms/node_modules/@nestjs/core/router/routes-resolver.js:30:17)\n    at NestApplication.registerRouter (/Users/henry/Projects/personal/vms/node_modules/@nestjs/core/nest-application.js:116:29)\n    at NestApplication.init (/Users/henry/Projects/personal/vms/node_modules/@nestjs/core/nest-application.js:99:9)\n    at NestApplication.listen (/Users/henry/Projects/personal/vms/node_modules/@nestjs/core/nest-application.js:169:33)","rejection":true,"date":"Wed Jun 19 2024 22:54:00 GMT+0700 (Indochina Time)","process":{"pid":50254,"uid":501,"gid":20,"cwd":"/Users/henry/Projects/personal/vms","execPath":"/Users/henry/.nvm/versions/node/v20.13.1/bin/node","version":"v20.13.1","argv":["/Users/henry/.nvm/versions/node/v20.13.1/bin/node","/Users/henry/Projects/personal/vms/node_modules/@nx/js/src/executors/node/node-with-require-overrides"],"memoryUsage":{"rss":113131520,"heapTotal":60194816,"heapUsed":37194016,"external":3592239,"arrayBuffers":141201}},"os":{"loadavg":[2.7724609375,2.55322265625,2.55224609375],"uptime":51133},"trace":[{"column":19,"file":"/Users/henry/Projects/personal/vms/node_modules/@nestjs/core/router/router-explorer.js","function":"RouterExplorer.extractRouterPath","line":54,"method":"extractRouterPath","native":false},{"column":53,"file":"/Users/henry/Projects/personal/vms/node_modules/@nestjs/core/router/routes-resolver.js","function":null,"line":39,"method":null,"native":false},{"column":null,"file":null,"function":"Map.forEach","line":null,"method":"forEach","native":false},{"column":16,"file":"/Users/henry/Projects/personal/vms/node_modules/@nestjs/core/router/routes-resolver.js","function":"RoutesResolver.registerRouters","line":36,"method":"registerRouters","native":false},{"column":18,"file":"/Users/henry/Projects/personal/vms/node_modules/@nestjs/core/router/routes-resolver.js","function":null,"line":32,"method":null,"native":false},{"column":null,"file":null,"function":"ModulesContainer.forEach","line":null,"method":"forEach","native":false},{"column":17,"file":"/Users/henry/Projects/personal/vms/node_modules/@nestjs/core/router/routes-resolver.js","function":"RoutesResolver.resolve","line":30,"method":"resolve","native":false},{"column":29,"file":"/Users/henry/Projects/personal/vms/node_modules/@nestjs/core/nest-application.js","function":"NestApplication.registerRouter","line":116,"method":"registerRouter","native":false},{"column":9,"file":"/Users/henry/Projects/personal/vms/node_modules/@nestjs/core/nest-application.js","function":"NestApplication.init","line":99,"method":"init","native":false},{"column":33,"file":"/Users/henry/Projects/personal/vms/node_modules/@nestjs/core/nest-application.js","function":"NestApplication.listen","line":169,"method":"listen","native":false}]}
[32m[App] 50346  - [39m6/19/2024, 10:55:22 PM [32m    LOG[39m [33m[NestFactory][39m [32mStarting Nest application...[39m
[32m[App] 50346  - [39m6/19/2024, 10:55:22 PM [32m    LOG[39m [33m[InstanceLoader][39m [32mLoggingModule dependencies initialized[39m
[32m[App] 50346  - [39m6/19/2024, 10:55:22 PM [32m    LOG[39m [33m[InstanceLoader][39m [32mNestServerModule dependencies initialized[39m
[32m[App] 50346  - [39m6/19/2024, 10:55:22 PM [32m    LOG[39m [33m[InstanceLoader][39m [32mAppModule dependencies initialized[39m
[32m[App] 50346  - [39m6/19/2024, 10:55:22 PM [32m    LOG[39m [33m[RoutesResolver][39m [32mNestServerController {/api/internal}:[39m
[32m[App] 50346  - [39m6/19/2024, 10:55:22 PM [32m    LOG[39m [33m[RouterExplorer][39m [32mMapped {/api/internal/liveness, GET} route[39m
[32m[App] 50346  - [39m6/19/2024, 10:55:22 PM [32m    LOG[39m [33m[RouterExplorer][39m [32mMapped {/api/internal/version, GET} route[39m
[32m[App] 50346  - [39m6/19/2024, 10:55:22 PM [32m    LOG[39m [33m[RoutesResolver][39m [32mAppController {/api}:[39m
[32m[App] 50346  - [39m6/19/2024, 10:55:22 PM [32m    LOG[39m [33m[RouterExplorer][39m [32mMapped {/api, GET} route[39m
[31m[App] 50346  - [39m6/19/2024, 10:55:22 PM [31m  ERROR[39m  [31munhandledRejection: An invalid controller has been detected. "OnvifModule" does not have the @Controller() decorator but it is being listed in the "controllers" array of some module.
Error: An invalid controller has been detected. "OnvifModule" does not have the @Controller() decorator but it is being listed in the "controllers" array of some module.
    at RouterExplorer.extractRouterPath (/Users/henry/Projects/personal/vms/node_modules/@nestjs/core/router/router-explorer.js:54:19)
    at /Users/henry/Projects/personal/vms/node_modules/@nestjs/core/router/routes-resolver.js:39:53
    at Map.forEach (<anonymous>)
    at RoutesResolver.registerRouters (/Users/henry/Projects/personal/vms/node_modules/@nestjs/core/router/routes-resolver.js:36:16)
    at /Users/henry/Projects/personal/vms/node_modules/@nestjs/core/router/routes-resolver.js:32:18
    at ModulesContainer.forEach (<anonymous>)
    at RoutesResolver.resolve (/Users/henry/Projects/personal/vms/node_modules/@nestjs/core/router/routes-resolver.js:30:17)
    at NestApplication.registerRouter (/Users/henry/Projects/personal/vms/node_modules/@nestjs/core/nest-application.js:116:29)
    at NestApplication.init (/Users/henry/Projects/personal/vms/node_modules/@nestjs/core/nest-application.js:99:9)
    at NestApplication.listen (/Users/henry/Projects/personal/vms/node_modules/@nestjs/core/nest-application.js:169:33)[39m - {"error":{},"stack":"Error: An invalid controller has been detected. \"OnvifModule\" does not have the @Controller() decorator but it is being listed in the \"controllers\" array of some module.\n    at RouterExplorer.extractRouterPath (/Users/henry/Projects/personal/vms/node_modules/@nestjs/core/router/router-explorer.js:54:19)\n    at /Users/henry/Projects/personal/vms/node_modules/@nestjs/core/router/routes-resolver.js:39:53\n    at Map.forEach (<anonymous>)\n    at RoutesResolver.registerRouters (/Users/henry/Projects/personal/vms/node_modules/@nestjs/core/router/routes-resolver.js:36:16)\n    at /Users/henry/Projects/personal/vms/node_modules/@nestjs/core/router/routes-resolver.js:32:18\n    at ModulesContainer.forEach (<anonymous>)\n    at RoutesResolver.resolve (/Users/henry/Projects/personal/vms/node_modules/@nestjs/core/router/routes-resolver.js:30:17)\n    at NestApplication.registerRouter (/Users/henry/Projects/personal/vms/node_modules/@nestjs/core/nest-application.js:116:29)\n    at NestApplication.init (/Users/henry/Projects/personal/vms/node_modules/@nestjs/core/nest-application.js:99:9)\n    at NestApplication.listen (/Users/henry/Projects/personal/vms/node_modules/@nestjs/core/nest-application.js:169:33)","rejection":true,"date":"Wed Jun 19 2024 22:55:22 GMT+0700 (Indochina Time)","process":{"pid":50346,"uid":501,"gid":20,"cwd":"/Users/henry/Projects/personal/vms","execPath":"/Users/henry/.nvm/versions/node/v20.13.1/bin/node","version":"v20.13.1","argv":["/Users/henry/.nvm/versions/node/v20.13.1/bin/node","/Users/henry/Projects/personal/vms/node_modules/@nx/js/src/executors/node/node-with-require-overrides"],"memoryUsage":{"rss":118980608,"heapTotal":60719104,"heapUsed":36591616,"external":3592239,"arrayBuffers":141201}},"os":{"loadavg":[2.9033203125,2.65869140625,2.5908203125],"uptime":51215},"trace":[{"column":19,"file":"/Users/henry/Projects/personal/vms/node_modules/@nestjs/core/router/router-explorer.js","function":"RouterExplorer.extractRouterPath","line":54,"method":"extractRouterPath","native":false},{"column":53,"file":"/Users/henry/Projects/personal/vms/node_modules/@nestjs/core/router/routes-resolver.js","function":null,"line":39,"method":null,"native":false},{"column":null,"file":null,"function":"Map.forEach","line":null,"method":"forEach","native":false},{"column":16,"file":"/Users/henry/Projects/personal/vms/node_modules/@nestjs/core/router/routes-resolver.js","function":"RoutesResolver.registerRouters","line":36,"method":"registerRouters","native":false},{"column":18,"file":"/Users/henry/Projects/personal/vms/node_modules/@nestjs/core/router/routes-resolver.js","function":null,"line":32,"method":null,"native":false},{"column":null,"file":null,"function":"ModulesContainer.forEach","line":null,"method":"forEach","native":false},{"column":17,"file":"/Users/henry/Projects/personal/vms/node_modules/@nestjs/core/router/routes-resolver.js","function":"RoutesResolver.resolve","line":30,"method":"resolve","native":false},{"column":29,"file":"/Users/henry/Projects/personal/vms/node_modules/@nestjs/core/nest-application.js","function":"NestApplication.registerRouter","line":116,"method":"registerRouter","native":false},{"column":9,"file":"/Users/henry/Projects/personal/vms/node_modules/@nestjs/core/nest-application.js","function":"NestApplication.init","line":99,"method":"init","native":false},{"column":33,"file":"/Users/henry/Projects/personal/vms/node_modules/@nestjs/core/nest-application.js","function":"NestApplication.listen","line":169,"method":"listen","native":false}]}
[31m[App] 50346  - [39m6/19/2024, 10:55:22 PM [31m  ERROR[39m  [31munhandledRejection: An invalid controller has been detected. "OnvifModule" does not have the @Controller() decorator but it is being listed in the "controllers" array of some module.
Error: An invalid controller has been detected. "OnvifModule" does not have the @Controller() decorator but it is being listed in the "controllers" array of some module.
    at RouterExplorer.extractRouterPath (/Users/henry/Projects/personal/vms/node_modules/@nestjs/core/router/router-explorer.js:54:19)
    at /Users/henry/Projects/personal/vms/node_modules/@nestjs/core/router/routes-resolver.js:39:53
    at Map.forEach (<anonymous>)
    at RoutesResolver.registerRouters (/Users/henry/Projects/personal/vms/node_modules/@nestjs/core/router/routes-resolver.js:36:16)
    at /Users/henry/Projects/personal/vms/node_modules/@nestjs/core/router/routes-resolver.js:32:18
    at ModulesContainer.forEach (<anonymous>)
    at RoutesResolver.resolve (/Users/henry/Projects/personal/vms/node_modules/@nestjs/core/router/routes-resolver.js:30:17)
    at NestApplication.registerRouter (/Users/henry/Projects/personal/vms/node_modules/@nestjs/core/nest-application.js:116:29)
    at NestApplication.init (/Users/henry/Projects/personal/vms/node_modules/@nestjs/core/nest-application.js:99:9)
    at NestApplication.listen (/Users/henry/Projects/personal/vms/node_modules/@nestjs/core/nest-application.js:169:33)[39m - {"error":{},"stack":"Error: An invalid controller has been detected. \"OnvifModule\" does not have the @Controller() decorator but it is being listed in the \"controllers\" array of some module.\n    at RouterExplorer.extractRouterPath (/Users/henry/Projects/personal/vms/node_modules/@nestjs/core/router/router-explorer.js:54:19)\n    at /Users/henry/Projects/personal/vms/node_modules/@nestjs/core/router/routes-resolver.js:39:53\n    at Map.forEach (<anonymous>)\n    at RoutesResolver.registerRouters (/Users/henry/Projects/personal/vms/node_modules/@nestjs/core/router/routes-resolver.js:36:16)\n    at /Users/henry/Projects/personal/vms/node_modules/@nestjs/core/router/routes-resolver.js:32:18\n    at ModulesContainer.forEach (<anonymous>)\n    at RoutesResolver.resolve (/Users/henry/Projects/personal/vms/node_modules/@nestjs/core/router/routes-resolver.js:30:17)\n    at NestApplication.registerRouter (/Users/henry/Projects/personal/vms/node_modules/@nestjs/core/nest-application.js:116:29)\n    at NestApplication.init (/Users/henry/Projects/personal/vms/node_modules/@nestjs/core/nest-application.js:99:9)\n    at NestApplication.listen (/Users/henry/Projects/personal/vms/node_modules/@nestjs/core/nest-application.js:169:33)","rejection":true,"date":"Wed Jun 19 2024 22:55:22 GMT+0700 (Indochina Time)","process":{"pid":50346,"uid":501,"gid":20,"cwd":"/Users/henry/Projects/personal/vms","execPath":"/Users/henry/.nvm/versions/node/v20.13.1/bin/node","version":"v20.13.1","argv":["/Users/henry/.nvm/versions/node/v20.13.1/bin/node","/Users/henry/Projects/personal/vms/node_modules/@nx/js/src/executors/node/node-with-require-overrides"],"memoryUsage":{"rss":118980608,"heapTotal":60719104,"heapUsed":36591616,"external":3592239,"arrayBuffers":141201}},"os":{"loadavg":[2.9033203125,2.65869140625,2.5908203125],"uptime":51215},"trace":[{"column":19,"file":"/Users/henry/Projects/personal/vms/node_modules/@nestjs/core/router/router-explorer.js","function":"RouterExplorer.extractRouterPath","line":54,"method":"extractRouterPath","native":false},{"column":53,"file":"/Users/henry/Projects/personal/vms/node_modules/@nestjs/core/router/routes-resolver.js","function":null,"line":39,"method":null,"native":false},{"column":null,"file":null,"function":"Map.forEach","line":null,"method":"forEach","native":false},{"column":16,"file":"/Users/henry/Projects/personal/vms/node_modules/@nestjs/core/router/routes-resolver.js","function":"RoutesResolver.registerRouters","line":36,"method":"registerRouters","native":false},{"column":18,"file":"/Users/henry/Projects/personal/vms/node_modules/@nestjs/core/router/routes-resolver.js","function":null,"line":32,"method":null,"native":false},{"column":null,"file":null,"function":"ModulesContainer.forEach","line":null,"method":"forEach","native":false},{"column":17,"file":"/Users/henry/Projects/personal/vms/node_modules/@nestjs/core/router/routes-resolver.js","function":"RoutesResolver.resolve","line":30,"method":"resolve","native":false},{"column":29,"file":"/Users/henry/Projects/personal/vms/node_modules/@nestjs/core/nest-application.js","function":"NestApplication.registerRouter","line":116,"method":"registerRouter","native":false},{"column":9,"file":"/Users/henry/Projects/personal/vms/node_modules/@nestjs/core/nest-application.js","function":"NestApplication.init","line":99,"method":"init","native":false},{"column":33,"file":"/Users/henry/Projects/personal/vms/node_modules/@nestjs/core/nest-application.js","function":"NestApplication.listen","line":169,"method":"listen","native":false}]}
[32m[App] 50414  - [39m6/19/2024, 10:55:51 PM [32m    LOG[39m [33m[NestFactory][39m [32mStarting Nest application...[39m
[32m[App] 50414  - [39m6/19/2024, 10:55:51 PM [32m    LOG[39m [33m[InstanceLoader][39m [32mLoggingModule dependencies initialized[39m
[32m[App] 50414  - [39m6/19/2024, 10:55:51 PM [32m    LOG[39m [33m[InstanceLoader][39m [32mNestServerModule dependencies initialized[39m
[32m[App] 50414  - [39m6/19/2024, 10:55:51 PM [32m    LOG[39m [33m[InstanceLoader][39m [32mAppModule dependencies initialized[39m
[32m[App] 50414  - [39m6/19/2024, 10:55:51 PM [32m    LOG[39m [33m[InstanceLoader][39m [32mOnvifModule dependencies initialized[39m
[32m[App] 50414  - [39m6/19/2024, 10:55:51 PM [32m    LOG[39m [33m[RoutesResolver][39m [32mNestServerController {/api/internal}:[39m
[32m[App] 50414  - [39m6/19/2024, 10:55:51 PM [32m    LOG[39m [33m[RouterExplorer][39m [32mMapped {/api/internal/liveness, GET} route[39m
[32m[App] 50414  - [39m6/19/2024, 10:55:51 PM [32m    LOG[39m [33m[RouterExplorer][39m [32mMapped {/api/internal/version, GET} route[39m
[32m[App] 50414  - [39m6/19/2024, 10:55:51 PM [32m    LOG[39m [33m[RoutesResolver][39m [32mAppController {/api}:[39m
[32m[App] 50414  - [39m6/19/2024, 10:55:51 PM [32m    LOG[39m [33m[RouterExplorer][39m [32mMapped {/api, GET} route[39m
[32m[App] 50414  - [39m6/19/2024, 10:55:51 PM [32m    LOG[39m [33m[RoutesResolver][39m [32mOnvifController {/api/onvif}:[39m
[32m[App] 50414  - [39m6/19/2024, 10:55:51 PM [32m    LOG[39m [33m[RouterExplorer][39m [32mMapped {/api/onvif, GET} route[39m
[32m[App] 50414  - [39m6/19/2024, 10:55:51 PM [32m    LOG[39m [33m[NestApplication][39m [32mNest application successfully started[39m
[32m[App] 50414  - [39m6/19/2024, 10:55:51 PM [32m    LOG[39m [33m[Bootstrap][39m [32mService listening at http://localhost:3333[39m
[32m[App] 50414  - [39m6/19/2024, 10:55:56 PM [32m    LOG[39m  [32m--------------------------[39m
[32m[App] 50543  - [39m6/19/2024, 10:57:31 PM [32m    LOG[39m [33m[NestFactory][39m [32mStarting Nest application...[39m
[32m[App] 50543  - [39m6/19/2024, 10:57:31 PM [32m    LOG[39m [33m[InstanceLoader][39m [32mLoggingModule dependencies initialized[39m
[32m[App] 50543  - [39m6/19/2024, 10:57:31 PM [32m    LOG[39m [33m[InstanceLoader][39m [32mNestServerModule dependencies initialized[39m
[32m[App] 50543  - [39m6/19/2024, 10:57:31 PM [32m    LOG[39m [33m[InstanceLoader][39m [32mAppModule dependencies initialized[39m
[32m[App] 50543  - [39m6/19/2024, 10:57:31 PM [32m    LOG[39m [33m[InstanceLoader][39m [32mOnvifModule dependencies initialized[39m
[32m[App] 50543  - [39m6/19/2024, 10:57:31 PM [32m    LOG[39m [33m[RoutesResolver][39m [32mNestServerController {/api/internal}:[39m
[32m[App] 50543  - [39m6/19/2024, 10:57:31 PM [32m    LOG[39m [33m[RouterExplorer][39m [32mMapped {/api/internal/liveness, GET} route[39m
[32m[App] 50543  - [39m6/19/2024, 10:57:31 PM [32m    LOG[39m [33m[RouterExplorer][39m [32mMapped {/api/internal/version, GET} route[39m
[32m[App] 50543  - [39m6/19/2024, 10:57:31 PM [32m    LOG[39m [33m[RoutesResolver][39m [32mAppController {/api}:[39m
[32m[App] 50543  - [39m6/19/2024, 10:57:31 PM [32m    LOG[39m [33m[RouterExplorer][39m [32mMapped {/api, GET} route[39m
[32m[App] 50543  - [39m6/19/2024, 10:57:31 PM [32m    LOG[39m [33m[RoutesResolver][39m [32mOnvifController {/api/onvif}:[39m
[32m[App] 50543  - [39m6/19/2024, 10:57:31 PM [32m    LOG[39m [33m[RouterExplorer][39m [32mMapped {/api/onvif, GET} route[39m
[32m[App] 50543  - [39m6/19/2024, 10:57:31 PM [32m    LOG[39m [33m[NestApplication][39m [32mNest application successfully started[39m
[32m[App] 50543  - [39m6/19/2024, 10:57:31 PM [32m    LOG[39m [33m[Bootstrap][39m [32mService listening at http://localhost:3333[39m
[32m[App] 50713  - [39m6/19/2024, 10:58:40 PM [32m    LOG[39m [33m[NestFactory][39m [32mStarting Nest application...[39m
[32m[App] 50713  - [39m6/19/2024, 10:58:40 PM [32m    LOG[39m [33m[InstanceLoader][39m [32mLoggingModule dependencies initialized[39m
[32m[App] 50713  - [39m6/19/2024, 10:58:40 PM [32m    LOG[39m [33m[InstanceLoader][39m [32mNestServerModule dependencies initialized[39m
[32m[App] 50713  - [39m6/19/2024, 10:58:40 PM [32m    LOG[39m [33m[InstanceLoader][39m [32mAppModule dependencies initialized[39m
[32m[App] 50713  - [39m6/19/2024, 10:58:40 PM [32m    LOG[39m [33m[InstanceLoader][39m [32mOnvifModule dependencies initialized[39m
[32m[App] 50713  - [39m6/19/2024, 10:58:40 PM [32m    LOG[39m [33m[RoutesResolver][39m [32mNestServerController {/api/internal}:[39m
[32m[App] 50713  - [39m6/19/2024, 10:58:40 PM [32m    LOG[39m [33m[RouterExplorer][39m [32mMapped {/api/internal/liveness, GET} route[39m
[32m[App] 50713  - [39m6/19/2024, 10:58:40 PM [32m    LOG[39m [33m[RouterExplorer][39m [32mMapped {/api/internal/version, GET} route[39m
[32m[App] 50713  - [39m6/19/2024, 10:58:40 PM [32m    LOG[39m [33m[RoutesResolver][39m [32mAppController {/api}:[39m
[32m[App] 50713  - [39m6/19/2024, 10:58:40 PM [32m    LOG[39m [33m[RouterExplorer][39m [32mMapped {/api, GET} route[39m
[32m[App] 50713  - [39m6/19/2024, 10:58:40 PM [32m    LOG[39m [33m[RoutesResolver][39m [32mOnvifController {/api/onvif}:[39m
[32m[App] 50713  - [39m6/19/2024, 10:58:40 PM [32m    LOG[39m [33m[RouterExplorer][39m [32mMapped {/api/onvif, GET} route[39m
[32m[App] 50713  - [39m6/19/2024, 10:58:40 PM [32m    LOG[39m [33m[RouterExplorer][39m [32mMapped {/api/onvif/search, GET} route[39m
[32m[App] 50713  - [39m6/19/2024, 10:58:40 PM [32m    LOG[39m [33m[RouterExplorer][39m [32mMapped {/api/onvif/connect, POST} route[39m
[32m[App] 50713  - [39m6/19/2024, 10:58:40 PM [32m    LOG[39m [33m[NestApplication][39m [32mNest application successfully started[39m
[32m[App] 50713  - [39m6/19/2024, 10:58:40 PM [32m    LOG[39m [33m[Bootstrap][39m [32mService listening at http://localhost:3333[39m
[32m[App] 50774  - [39m6/19/2024, 10:58:57 PM [32m    LOG[39m [33m[NestFactory][39m [32mStarting Nest application...[39m
[32m[App] 50774  - [39m6/19/2024, 10:58:57 PM [32m    LOG[39m [33m[InstanceLoader][39m [32mLoggingModule dependencies initialized[39m
[32m[App] 50774  - [39m6/19/2024, 10:58:57 PM [32m    LOG[39m [33m[InstanceLoader][39m [32mNestServerModule dependencies initialized[39m
[32m[App] 50774  - [39m6/19/2024, 10:58:57 PM [32m    LOG[39m [33m[InstanceLoader][39m [32mAppModule dependencies initialized[39m
[32m[App] 50774  - [39m6/19/2024, 10:58:57 PM [32m    LOG[39m [33m[InstanceLoader][39m [32mOnvifModule dependencies initialized[39m
[32m[App] 50774  - [39m6/19/2024, 10:58:57 PM [32m    LOG[39m [33m[RoutesResolver][39m [32mNestServerController {/api/internal}:[39m
[32m[App] 50774  - [39m6/19/2024, 10:58:57 PM [32m    LOG[39m [33m[RouterExplorer][39m [32mMapped {/api/internal/liveness, GET} route[39m
[32m[App] 50774  - [39m6/19/2024, 10:58:57 PM [32m    LOG[39m [33m[RouterExplorer][39m [32mMapped {/api/internal/version, GET} route[39m
[32m[App] 50774  - [39m6/19/2024, 10:58:57 PM [32m    LOG[39m [33m[RoutesResolver][39m [32mAppController {/api}:[39m
[32m[App] 50774  - [39m6/19/2024, 10:58:57 PM [32m    LOG[39m [33m[RouterExplorer][39m [32mMapped {/api, GET} route[39m
[32m[App] 50774  - [39m6/19/2024, 10:58:57 PM [32m    LOG[39m [33m[RoutesResolver][39m [32mOnvifController {/api/onvif}:[39m
[32m[App] 50774  - [39m6/19/2024, 10:58:57 PM [32m    LOG[39m [33m[RouterExplorer][39m [32mMapped {/api/onvif, GET} route[39m
[32m[App] 50774  - [39m6/19/2024, 10:58:57 PM [32m    LOG[39m [33m[RouterExplorer][39m [32mMapped {/api/onvif/search, GET} route[39m
[32m[App] 50774  - [39m6/19/2024, 10:58:57 PM [32m    LOG[39m [33m[RouterExplorer][39m [32mMapped {/api/onvif/connect, POST} route[39m
[32m[App] 50774  - [39m6/19/2024, 10:58:57 PM [32m    LOG[39m [33m[NestApplication][39m [32mNest application successfully started[39m
[32m[App] 50774  - [39m6/19/2024, 10:58:57 PM [32m    LOG[39m [33m[Bootstrap][39m [32mService listening at http://localhost:3333[39m
[32m[App] 50941  - [39m6/19/2024, 11:03:01 PM [32m    LOG[39m [33m[NestFactory][39m [32mStarting Nest application...[39m
[32m[App] 50941  - [39m6/19/2024, 11:03:01 PM [32m    LOG[39m [33m[InstanceLoader][39m [32mLoggingModule dependencies initialized[39m
[32m[App] 50941  - [39m6/19/2024, 11:03:01 PM [32m    LOG[39m [33m[InstanceLoader][39m [32mNestServerModule dependencies initialized[39m
[32m[App] 50941  - [39m6/19/2024, 11:03:01 PM [32m    LOG[39m [33m[InstanceLoader][39m [32mAppModule dependencies initialized[39m
[32m[App] 50941  - [39m6/19/2024, 11:03:01 PM [32m    LOG[39m [33m[InstanceLoader][39m [32mOnvifModule dependencies initialized[39m
[32m[App] 50941  - [39m6/19/2024, 11:03:01 PM [32m    LOG[39m [33m[RoutesResolver][39m [32mNestServerController {/api/internal}:[39m
[32m[App] 50941  - [39m6/19/2024, 11:03:01 PM [32m    LOG[39m [33m[RouterExplorer][39m [32mMapped {/api/internal/liveness, GET} route[39m
[32m[App] 50941  - [39m6/19/2024, 11:03:01 PM [32m    LOG[39m [33m[RouterExplorer][39m [32mMapped {/api/internal/version, GET} route[39m
[32m[App] 50941  - [39m6/19/2024, 11:03:01 PM [32m    LOG[39m [33m[RoutesResolver][39m [32mAppController {/api}:[39m
[32m[App] 50941  - [39m6/19/2024, 11:03:01 PM [32m    LOG[39m [33m[RouterExplorer][39m [32mMapped {/api, GET} route[39m
[32m[App] 50941  - [39m6/19/2024, 11:03:01 PM [32m    LOG[39m [33m[RoutesResolver][39m [32mOnvifController {/api/onvif}:[39m
[32m[App] 50941  - [39m6/19/2024, 11:03:01 PM [32m    LOG[39m [33m[RouterExplorer][39m [32mMapped {/api/onvif, GET} route[39m
[32m[App] 50941  - [39m6/19/2024, 11:03:01 PM [32m    LOG[39m [33m[RouterExplorer][39m [32mMapped {/api/onvif/search, GET} route[39m
[32m[App] 50941  - [39m6/19/2024, 11:03:01 PM [32m    LOG[39m [33m[RouterExplorer][39m [32mMapped {/api/onvif/connect, POST} route[39m
[32m[App] 50941  - [39m6/19/2024, 11:03:01 PM [32m    LOG[39m [33m[NestApplication][39m [32mNest application successfully started[39m
[32m[App] 50941  - [39m6/19/2024, 11:03:01 PM [32m    LOG[39m [33m[Bootstrap][39m [32mService listening at http://localhost:3333[39m
[32m[App] 50941  - [39m6/19/2024, 11:03:03 PM [32m    LOG[39m  [32m--------------------------[39m
[32m[App] 50941  - [39m6/19/2024, 11:03:11 PM [32m    LOG[39m  [32m--------------------------[39m
[32m[App] 50941  - [39m6/19/2024, 11:03:11 PM [32m    LOG[39m [33m[OnvifService][39m [32mStart the discovery process.[39m
[32m[App] 50941  - [39m6/19/2024, 11:03:14 PM [32m    LOG[39m [33m[OnvifService][39m [32m1 devices were found.[39m
[32m[App] 50941  - [39m6/19/2024, 11:03:14 PM [32m    LOG[39m [33m[OnvifService][39m [32m- uuid:7052d27d-afc6-449f-82b1-6477715c6979[39m
[32m[App] 50941  - [39m6/19/2024, 11:03:14 PM [32m    LOG[39m [33m[OnvifService][39m [32m  - LC[39m
[32m[App] 50941  - [39m6/19/2024, 11:03:14 PM [32m    LOG[39m [33m[OnvifService][39m [32m  - http://192.168.100.251/onvif/device_service[39m
[32m[App] 51068  - [39m6/19/2024, 11:05:32 PM [32m    LOG[39m [33m[NestFactory][39m [32mStarting Nest application...[39m
[32m[App] 51068  - [39m6/19/2024, 11:05:32 PM [32m    LOG[39m [33m[InstanceLoader][39m [32mLoggingModule dependencies initialized[39m
[32m[App] 51068  - [39m6/19/2024, 11:05:32 PM [32m    LOG[39m [33m[InstanceLoader][39m [32mNestServerModule dependencies initialized[39m
[32m[App] 51068  - [39m6/19/2024, 11:05:32 PM [32m    LOG[39m [33m[InstanceLoader][39m [32mAppModule dependencies initialized[39m
[32m[App] 51068  - [39m6/19/2024, 11:05:32 PM [32m    LOG[39m [33m[InstanceLoader][39m [32mOnvifModule dependencies initialized[39m
[32m[App] 51068  - [39m6/19/2024, 11:05:32 PM [32m    LOG[39m [33m[RoutesResolver][39m [32mNestServerController {/api/internal}:[39m
[32m[App] 51068  - [39m6/19/2024, 11:05:32 PM [32m    LOG[39m [33m[RouterExplorer][39m [32mMapped {/api/internal/liveness, GET} route[39m
[32m[App] 51068  - [39m6/19/2024, 11:05:32 PM [32m    LOG[39m [33m[RouterExplorer][39m [32mMapped {/api/internal/version, GET} route[39m
[32m[App] 51068  - [39m6/19/2024, 11:05:32 PM [32m    LOG[39m [33m[RoutesResolver][39m [32mAppController {/api}:[39m
[32m[App] 51068  - [39m6/19/2024, 11:05:32 PM [32m    LOG[39m [33m[RouterExplorer][39m [32mMapped {/api, GET} route[39m
[32m[App] 51068  - [39m6/19/2024, 11:05:32 PM [32m    LOG[39m [33m[RoutesResolver][39m [32mOnvifController {/api/onvif}:[39m
[32m[App] 51068  - [39m6/19/2024, 11:05:32 PM [32m    LOG[39m [33m[RouterExplorer][39m [32mMapped {/api/onvif, GET} route[39m
[32m[App] 51068  - [39m6/19/2024, 11:05:32 PM [32m    LOG[39m [33m[RouterExplorer][39m [32mMapped {/api/onvif/search, GET} route[39m
[32m[App] 51068  - [39m6/19/2024, 11:05:32 PM [32m    LOG[39m [33m[RouterExplorer][39m [32mMapped {/api/onvif/connect, POST} route[39m
[32m[App] 51068  - [39m6/19/2024, 11:05:32 PM [32m    LOG[39m [33m[NestApplication][39m [32mNest application successfully started[39m
[32m[App] 51068  - [39m6/19/2024, 11:05:32 PM [32m    LOG[39m [33m[Bootstrap][39m [32mService listening at http://localhost:3333[39m
[32m[App] 51068  - [39m6/19/2024, 11:05:35 PM [32m    LOG[39m  [32m--------------------------[39m
[32m[App] 51068  - [39m6/19/2024, 11:05:35 PM [32m    LOG[39m [33m[OnvifService][39m [32mStart the discovery process.[39m
[32m[App] 51068  - [39m6/19/2024, 11:06:03 PM [32m    LOG[39m  [32m--------------------------[39m
[32m[App] 51068  - [39m6/19/2024, 11:06:03 PM [32m    LOG[39m [33m[OnvifService][39m [32mStart the discovery process.[39m
[32m[App] 51196  - [39m6/19/2024, 11:07:42 PM [32m    LOG[39m [33m[NestFactory][39m [32mStarting Nest application...[39m
[32m[App] 51196  - [39m6/19/2024, 11:07:42 PM [32m    LOG[39m [33m[InstanceLoader][39m [32mLoggingModule dependencies initialized[39m
[32m[App] 51196  - [39m6/19/2024, 11:07:42 PM [32m    LOG[39m [33m[InstanceLoader][39m [32mNestServerModule dependencies initialized[39m
[32m[App] 51196  - [39m6/19/2024, 11:07:42 PM [32m    LOG[39m [33m[InstanceLoader][39m [32mAppModule dependencies initialized[39m
[32m[App] 51196  - [39m6/19/2024, 11:07:42 PM [32m    LOG[39m [33m[InstanceLoader][39m [32mOnvifModule dependencies initialized[39m
[32m[App] 51196  - [39m6/19/2024, 11:07:42 PM [32m    LOG[39m [33m[RoutesResolver][39m [32mNestServerController {/api/internal}:[39m
[32m[App] 51196  - [39m6/19/2024, 11:07:42 PM [32m    LOG[39m [33m[RouterExplorer][39m [32mMapped {/api/internal/liveness, GET} route[39m
[32m[App] 51196  - [39m6/19/2024, 11:07:42 PM [32m    LOG[39m [33m[RouterExplorer][39m [32mMapped {/api/internal/version, GET} route[39m
[32m[App] 51196  - [39m6/19/2024, 11:07:42 PM [32m    LOG[39m [33m[RoutesResolver][39m [32mAppController {/api}:[39m
[32m[App] 51196  - [39m6/19/2024, 11:07:42 PM [32m    LOG[39m [33m[RouterExplorer][39m [32mMapped {/api, GET} route[39m
[32m[App] 51196  - [39m6/19/2024, 11:07:42 PM [32m    LOG[39m [33m[RoutesResolver][39m [32mOnvifController {/api/onvif}:[39m
[32m[App] 51196  - [39m6/19/2024, 11:07:42 PM [32m    LOG[39m [33m[RouterExplorer][39m [32mMapped {/api/onvif, GET} route[39m
[32m[App] 51196  - [39m6/19/2024, 11:07:42 PM [32m    LOG[39m [33m[RouterExplorer][39m [32mMapped {/api/onvif/search, GET} route[39m
[32m[App] 51196  - [39m6/19/2024, 11:07:42 PM [32m    LOG[39m [33m[RouterExplorer][39m [32mMapped {/api/onvif/connect, POST} route[39m
[32m[App] 51196  - [39m6/19/2024, 11:07:42 PM [32m    LOG[39m [33m[NestApplication][39m [32mNest application successfully started[39m
[32m[App] 51196  - [39m6/19/2024, 11:07:42 PM [32m    LOG[39m [33m[Bootstrap][39m [32mService listening at http://localhost:3333[39m
[32m[App] 51196  - [39m6/19/2024, 11:07:52 PM [32m    LOG[39m  [32m--------------------------[39m
[32m[App] 51196  - [39m6/19/2024, 11:07:52 PM [32m    LOG[39m [33m[OnvifService][39m [32mStart the discovery process.[39m
[32m[App] 51196  - [39m6/19/2024, 11:07:55 PM [32m    LOG[39m [33m[OnvifService][39m [32m1 devices were found.[39m
[32m[App] 51196  - [39m6/19/2024, 11:07:55 PM [32m    LOG[39m [33m[OnvifService][39m [32m- uuid:7052d27d-afc6-449f-82b1-6477715c6979[39m
[32m[App] 51196  - [39m6/19/2024, 11:07:55 PM [32m    LOG[39m [33m[OnvifService][39m [32m  - LC[39m
[32m[App] 51196  - [39m6/19/2024, 11:07:55 PM [32m    LOG[39m [33m[OnvifService][39m [32m  - http://192.168.100.251/onvif/device_service[39m
[32m[App] 51270  - [39m6/19/2024, 11:08:28 PM [32m    LOG[39m [33m[NestFactory][39m [32mStarting Nest application...[39m
[32m[App] 51270  - [39m6/19/2024, 11:08:28 PM [32m    LOG[39m [33m[InstanceLoader][39m [32mLoggingModule dependencies initialized[39m
[32m[App] 51270  - [39m6/19/2024, 11:08:28 PM [32m    LOG[39m [33m[InstanceLoader][39m [32mNestServerModule dependencies initialized[39m
[32m[App] 51270  - [39m6/19/2024, 11:08:28 PM [32m    LOG[39m [33m[InstanceLoader][39m [32mAppModule dependencies initialized[39m
[32m[App] 51270  - [39m6/19/2024, 11:08:28 PM [32m    LOG[39m [33m[InstanceLoader][39m [32mOnvifModule dependencies initialized[39m
[32m[App] 51270  - [39m6/19/2024, 11:08:28 PM [32m    LOG[39m [33m[RoutesResolver][39m [32mNestServerController {/api/internal}:[39m
[32m[App] 51270  - [39m6/19/2024, 11:08:28 PM [32m    LOG[39m [33m[RouterExplorer][39m [32mMapped {/api/internal/liveness, GET} route[39m
[32m[App] 51270  - [39m6/19/2024, 11:08:28 PM [32m    LOG[39m [33m[RouterExplorer][39m [32mMapped {/api/internal/version, GET} route[39m
[32m[App] 51270  - [39m6/19/2024, 11:08:28 PM [32m    LOG[39m [33m[RoutesResolver][39m [32mAppController {/api}:[39m
[32m[App] 51270  - [39m6/19/2024, 11:08:28 PM [32m    LOG[39m [33m[RouterExplorer][39m [32mMapped {/api, GET} route[39m
[32m[App] 51270  - [39m6/19/2024, 11:08:28 PM [32m    LOG[39m [33m[RoutesResolver][39m [32mOnvifController {/api/onvif}:[39m
[32m[App] 51270  - [39m6/19/2024, 11:08:28 PM [32m    LOG[39m [33m[RouterExplorer][39m [32mMapped {/api/onvif, GET} route[39m
[32m[App] 51270  - [39m6/19/2024, 11:08:28 PM [32m    LOG[39m [33m[RouterExplorer][39m [32mMapped {/api/onvif/search, GET} route[39m
[32m[App] 51270  - [39m6/19/2024, 11:08:28 PM [32m    LOG[39m [33m[RouterExplorer][39m [32mMapped {/api/onvif/connect, POST} route[39m
[32m[App] 51270  - [39m6/19/2024, 11:08:28 PM [32m    LOG[39m [33m[NestApplication][39m [32mNest application successfully started[39m
[32m[App] 51270  - [39m6/19/2024, 11:08:28 PM [32m    LOG[39m [33m[Bootstrap][39m [32mService listening at http://localhost:3333[39m
[32m[App] 51416  - [39m6/19/2024, 11:11:33 PM [32m    LOG[39m [33m[NestFactory][39m [32mStarting Nest application...[39m
[32m[App] 51416  - [39m6/19/2024, 11:11:33 PM [32m    LOG[39m [33m[InstanceLoader][39m [32mLoggingModule dependencies initialized[39m
[32m[App] 51416  - [39m6/19/2024, 11:11:33 PM [32m    LOG[39m [33m[InstanceLoader][39m [32mNestServerModule dependencies initialized[39m
[32m[App] 51416  - [39m6/19/2024, 11:11:33 PM [32m    LOG[39m [33m[InstanceLoader][39m [32mAppModule dependencies initialized[39m
[32m[App] 51416  - [39m6/19/2024, 11:11:33 PM [32m    LOG[39m [33m[InstanceLoader][39m [32mOnvifModule dependencies initialized[39m
[32m[App] 51416  - [39m6/19/2024, 11:11:33 PM [32m    LOG[39m [33m[RoutesResolver][39m [32mNestServerController {/api/internal}:[39m
[32m[App] 51416  - [39m6/19/2024, 11:11:33 PM [32m    LOG[39m [33m[RouterExplorer][39m [32mMapped {/api/internal/liveness, GET} route[39m
[32m[App] 51416  - [39m6/19/2024, 11:11:33 PM [32m    LOG[39m [33m[RouterExplorer][39m [32mMapped {/api/internal/version, GET} route[39m
[32m[App] 51416  - [39m6/19/2024, 11:11:33 PM [32m    LOG[39m [33m[RoutesResolver][39m [32mAppController {/api}:[39m
[32m[App] 51416  - [39m6/19/2024, 11:11:33 PM [32m    LOG[39m [33m[RouterExplorer][39m [32mMapped {/api, GET} route[39m
[32m[App] 51416  - [39m6/19/2024, 11:11:33 PM [32m    LOG[39m [33m[RoutesResolver][39m [32mOnvifController {/api/onvif}:[39m
[32m[App] 51416  - [39m6/19/2024, 11:11:33 PM [32m    LOG[39m [33m[RouterExplorer][39m [32mMapped {/api/onvif, GET} route[39m
[32m[App] 51416  - [39m6/19/2024, 11:11:33 PM [32m    LOG[39m [33m[RouterExplorer][39m [32mMapped {/api/onvif/search, GET} route[39m
[32m[App] 51416  - [39m6/19/2024, 11:11:33 PM [32m    LOG[39m [33m[RouterExplorer][39m [32mMapped {/api/onvif/connect, POST} route[39m
[32m[App] 51416  - [39m6/19/2024, 11:11:33 PM [32m    LOG[39m [33m[NestApplication][39m [32mNest application successfully started[39m
[32m[App] 51416  - [39m6/19/2024, 11:11:33 PM [32m    LOG[39m [33m[Bootstrap][39m [32mService listening at http://localhost:3333[39m
[32m[App] 51416  - [39m6/19/2024, 11:14:59 PM [32m    LOG[39m  [32m--------------------------[39m
[32m[App] 51416  - [39m6/19/2024, 11:14:59 PM [32m    LOG[39m [33m[OnvifService][39m [32mStart the discovery process.[39m
[32m[App] 51416  - [39m6/19/2024, 11:15:02 PM [32m    LOG[39m [33m[OnvifService][39m [32m1 devices were found.[39m
[32m[App] 51416  - [39m6/19/2024, 11:15:02 PM [32m    LOG[39m [33m[OnvifService][39m [32m  - uuid:7052d27d-afc6-449f-82b1-6477715c6979[39m
[32m[App] 51416  - [39m6/19/2024, 11:15:02 PM [32m    LOG[39m [33m[OnvifService][39m [32m  - LC[39m
[32m[App] 51416  - [39m6/19/2024, 11:15:02 PM [32m    LOG[39m [33m[OnvifService][39m [32m  - http://192.168.100.251/onvif/device_service[39m
[32m[App] 51681  - [39m6/19/2024, 11:17:22 PM [32m    LOG[39m [33m[NestFactory][39m [32mStarting Nest application...[39m
[32m[App] 51681  - [39m6/19/2024, 11:17:22 PM [32m    LOG[39m [33m[InstanceLoader][39m [32mLoggingModule dependencies initialized[39m
[32m[App] 51681  - [39m6/19/2024, 11:17:22 PM [32m    LOG[39m [33m[InstanceLoader][39m [32mNestServerModule dependencies initialized[39m
[32m[App] 51681  - [39m6/19/2024, 11:17:22 PM [32m    LOG[39m [33m[InstanceLoader][39m [32mAppModule dependencies initialized[39m
[32m[App] 51681  - [39m6/19/2024, 11:17:22 PM [32m    LOG[39m [33m[InstanceLoader][39m [32mOnvifModule dependencies initialized[39m
[32m[App] 51681  - [39m6/19/2024, 11:17:22 PM [32m    LOG[39m [33m[RoutesResolver][39m [32mNestServerController {/api/internal}:[39m
[32m[App] 51681  - [39m6/19/2024, 11:17:22 PM [32m    LOG[39m [33m[RouterExplorer][39m [32mMapped {/api/internal/liveness, GET} route[39m
[32m[App] 51681  - [39m6/19/2024, 11:17:22 PM [32m    LOG[39m [33m[RouterExplorer][39m [32mMapped {/api/internal/version, GET} route[39m
[32m[App] 51681  - [39m6/19/2024, 11:17:22 PM [32m    LOG[39m [33m[RoutesResolver][39m [32mAppController {/api}:[39m
[32m[App] 51681  - [39m6/19/2024, 11:17:22 PM [32m    LOG[39m [33m[RouterExplorer][39m [32mMapped {/api, GET} route[39m
[32m[App] 51681  - [39m6/19/2024, 11:17:22 PM [32m    LOG[39m [33m[RoutesResolver][39m [32mOnvifController {/api/onvif}:[39m
[32m[App] 51681  - [39m6/19/2024, 11:17:22 PM [32m    LOG[39m [33m[RouterExplorer][39m [32mMapped {/api/onvif, GET} route[39m
[32m[App] 51681  - [39m6/19/2024, 11:17:22 PM [32m    LOG[39m [33m[RouterExplorer][39m [32mMapped {/api/onvif/search, GET} route[39m
[32m[App] 51681  - [39m6/19/2024, 11:17:22 PM [32m    LOG[39m [33m[RouterExplorer][39m [32mMapped {/api/onvif/connect, POST} route[39m
[32m[App] 51681  - [39m6/19/2024, 11:17:22 PM [32m    LOG[39m [33m[NestApplication][39m [32mNest application successfully started[39m
[32m[App] 51681  - [39m6/19/2024, 11:17:22 PM [32m    LOG[39m [33m[Bootstrap][39m [32mService listening at http://localhost:3333[39m
[32m[App] 51776  - [39m6/19/2024, 11:18:40 PM [32m    LOG[39m [33m[NestFactory][39m [32mStarting Nest application...[39m
[32m[App] 51776  - [39m6/19/2024, 11:18:40 PM [32m    LOG[39m [33m[InstanceLoader][39m [32mLoggingModule dependencies initialized[39m
[32m[App] 51776  - [39m6/19/2024, 11:18:40 PM [32m    LOG[39m [33m[InstanceLoader][39m [32mNestServerModule dependencies initialized[39m
[32m[App] 51776  - [39m6/19/2024, 11:18:40 PM [32m    LOG[39m [33m[InstanceLoader][39m [32mAppModule dependencies initialized[39m
[32m[App] 51776  - [39m6/19/2024, 11:18:40 PM [32m    LOG[39m [33m[InstanceLoader][39m [32mOnvifModule dependencies initialized[39m
[32m[App] 51776  - [39m6/19/2024, 11:18:40 PM [32m    LOG[39m [33m[RoutesResolver][39m [32mNestServerController {/api/internal}:[39m
[32m[App] 51776  - [39m6/19/2024, 11:18:40 PM [32m    LOG[39m [33m[RouterExplorer][39m [32mMapped {/api/internal/liveness, GET} route[39m
[32m[App] 51776  - [39m6/19/2024, 11:18:40 PM [32m    LOG[39m [33m[RouterExplorer][39m [32mMapped {/api/internal/version, GET} route[39m
[32m[App] 51776  - [39m6/19/2024, 11:18:40 PM [32m    LOG[39m [33m[RoutesResolver][39m [32mAppController {/api}:[39m
[32m[App] 51776  - [39m6/19/2024, 11:18:40 PM [32m    LOG[39m [33m[RouterExplorer][39m [32mMapped {/api, GET} route[39m
[32m[App] 51776  - [39m6/19/2024, 11:18:40 PM [32m    LOG[39m [33m[RoutesResolver][39m [32mOnvifController {/api/onvif}:[39m
[32m[App] 51776  - [39m6/19/2024, 11:18:40 PM [32m    LOG[39m [33m[RouterExplorer][39m [32mMapped {/api/onvif, GET} route[39m
[32m[App] 51776  - [39m6/19/2024, 11:18:40 PM [32m    LOG[39m [33m[RouterExplorer][39m [32mMapped {/api/onvif/search, GET} route[39m
[32m[App] 51776  - [39m6/19/2024, 11:18:40 PM [32m    LOG[39m [33m[RouterExplorer][39m [32mMapped {/api/onvif/connect, POST} route[39m
[32m[App] 51776  - [39m6/19/2024, 11:18:40 PM [32m    LOG[39m [33m[NestApplication][39m [32mNest application successfully started[39m
[32m[App] 51776  - [39m6/19/2024, 11:18:40 PM [32m    LOG[39m [33m[Bootstrap][39m [32mService listening at http://localhost:3333[39m
[32m[App] 51776  - [39m6/19/2024, 11:18:44 PM [32m    LOG[39m  [32m--------------------------[39m
[32m[App] 51776  - [39m6/19/2024, 11:18:46 PM [32m    LOG[39m [33m[OnvifService][39m [32m{
  "Manufacturer": "LC",
  "Model": "IPC-A42-L",
  "FirmwareVersion": "2.800.0000000.7.R 2023-06-15",
  "SerialNumber": "9H0455DPBV09224",
  "HardwareId": "1.10"
}[39m
